
*** Running ngdbuild
    with args -intstyle ise -p xc7z020clg484-1 -dd _ngo -uc "module_1_stub.ucf" "module_1_stub.edf"


Command Line: C:\Xilinx\14.5\ISE_DS\ISE\bin\nt64\unwrapped\ngdbuild.exe
-intstyle ise -p xc7z020clg484-1 -dd _ngo -uc module_1_stub.ucf
module_1_stub.edf

Executing edif2ngd -quiet "module_1_stub.edf" "_ngo\module_1_stub.ngo"
Release 14.5 - edif2ngd P.58f (nt64)
Copyright (c) 1995-2012 Xilinx, Inc.  All rights reserved.
Reading NGO file
"C:/Users/rchil/Desktop/Artemis/Software_desarrollado/Zynq/Xapp_v3/Xapp_v3.runs/
impl_1/_ngo/module_1_stub.ngo" ...
Gathering constraint information from source properties...
Done.

Annotating constraints to design from ucf file "module_1_stub.ucf" ...
Resolving constraint associations...
Checking Constraint Associations...
WARNING:ConstraintSystem:58 - Constraint <TIMEGRP
   axi_interconnect_1_reset_source =   FFS  PADS  CPUS;>
   [module_1_stub.ucf(594)]: CPUS "*" does not match any design objects.

Done...

Checking expanded design ...

Partition Implementation Status
-------------------------------

  No Partitions were found in this design.

-------------------------------

NGDBUILD Design Results Summary:
  Number of errors:     0
  Number of warnings:   1

Writing NGD file "module_1_stub.ngd" ...
Total REAL time to NGDBUILD completion:  19 sec
Total CPU time to NGDBUILD completion:   12 sec

Writing NGDBUILD log file "module_1_stub.bld"...

NGDBUILD done.

*** Running map
    with args -intstyle pa -w "module_1_stub.ngd"

Using target part "7z020clg484-1".
WARNING:LIT:702 - PAD symbol "processing_system7_0_PS_SRSTB_pin" is not
   constrained (LOC) to a specific location.
Mapping design into LUTs...
Running directed packing...
WARNING:Pack:2949 - The I/O component DCLK[0] uses an DQS_BIAS attribute with
   I/O standard TMDS_33. The DQS_BIAS attribute will be ignored since the
   selected I/O standard does not support DQS_BIAS usage.
WARNING:Pack:2949 - The I/O component DCLK[1] uses an DQS_BIAS attribute with
   I/O standard TMDS_33. The DQS_BIAS attribute will be ignored since the
   selected I/O standard does not support DQS_BIAS usage.
Running delay-based LUT packing...
Updating timing models...
WARNING:Pack:2768 - At least one timing constraint is impossible to meet because component switching limit violations have been detected for
   a constrained component. A timing constraint summary below shows the failing constraints (preceded with an Asterisk (*)). Please use the
   Timing Analyzer (GUI) or TRCE (command line) with the Mapped NCD and PCF files to evaluate the component switching limit violations in
   more detail. Evaluate the datasheet for alternative configurations for the component that could allow the frequencies requested in the
   constraint. Otherwise, the timing constraint covering this component might need to be modified to satisfy the component switching limits
   specified in the datasheet.
INFO:Timing:3386 - Intersecting Constraints found and resolved.  For more 
   information, see the TSI report.  Please consult the Xilinx Command Line 
   Tools User Guide for information on generating a TSI report.
INFO:Timing:3284 - This timing report was generated using estimated delay 
   information.  For accurate numbers, please refer to the post Place and Route 
   timing report.
Number of Timing Constraints that were not applied: 1

Asterisk (*) preceding a constraint indicates it was not met.
   This may be due to a setup or hold violation.

----------------------------------------------------------------------------------------------------------
  Constraint                                |    Check    | Worst Case |  Best Case | Timing |   Timing   
                                            |             |    Slack   | Achievable | Errors |    Score   
----------------------------------------------------------------------------------------------------------
* TS_clk_fpga_0 = PERIOD TIMEGRP "clk_fpga_ | SETUP       |     7.412ns|     2.588ns|       0|           0
  0" 100 MHz HIGH 50%                       | HOLD        |     0.069ns|            |       0|           0
                                            | MINPERIOD   |     5.239ns|     4.761ns|       0|           0
                                            | MAXPERIOD   |    -4.736ns|            |       4|       18944
----------------------------------------------------------------------------------------------------------
* TS_ClkDiv = PERIOD TIMEGRP "BitClkRefClk" | SETUP       |     3.359ns|     1.641ns|       0|           0
   5 ns HIGH 50%                            | HOLD        |    -0.448ns|            |      84|       22882
                                            | MINPERIOD   |     2.424ns|     2.576ns|       0|           0
----------------------------------------------------------------------------------------------------------
  NET "BitClk_N_0" MAXSKEW = 0.1 ns         | NETSKEW     |     0.100ns|     0.000ns|       0|           0
----------------------------------------------------------------------------------------------------------
  NET "BitClk_N" MAXSKEW = 0.1 ns           | NETSKEW     |     0.100ns|     0.000ns|       0|           0
----------------------------------------------------------------------------------------------------------
  NET "IntDivClk35" MAXSKEW = 0.3 ns        | NETSKEW     |     0.300ns|     0.000ns|       0|           0
----------------------------------------------------------------------------------------------------------
  NET "IntDivClk34" MAXSKEW = 0.3 ns        | NETSKEW     |     0.300ns|     0.000ns|       0|           0
----------------------------------------------------------------------------------------------------------
  TS_ClkIsrds_ClkFfs = MAXDELAY FROM TIMEGR | MAXDELAY    |     2.788ns|     1.712ns|       0|           0
  P "AdcClk_Isrds" TO TIMEGRP "AdcClk_Ffs"  | HOLD        |     0.130ns|            |       0|           0
  4.5 ns                                    |             |            |            |        |            
----------------------------------------------------------------------------------------------------------
  TS_clk_fpga_1 = PERIOD TIMEGRP "clk_fpga_ | N/A         |         N/A|         N/A|     N/A|         N/A
  1" 30.303 MHz HIGH 50%                    |             |            |            |        |            
----------------------------------------------------------------------------------------------------------
  PATH "TS_axi_interconnect_1_reset_resync_ | SETUP       |         N/A|     0.549ns|     N/A|           0
  path" TIG                                 |             |            |            |        |            
----------------------------------------------------------------------------------------------------------


2 constraints not met.
INFO:Timing:2761 - N/A entries in the Constraints List may indicate that the 
   constraint is not analyzed due to the following: No paths covered by this 
   constraint; Other constraints intersect with this constraint; or This 
   constraint was disabled by a Path Tracing Control. Please run the Timespec 
   Interaction Report (TSI) via command line (trce tsi) or Timing Analyzer GUI.


INFO:Map:215 - The Interim Design Summary has been generated in the MAP Report
   (.mrp).
Running timing-driven placement...
Total REAL time at the beginning of Placer: 19 secs 
Total CPU  time at the beginning of Placer: 19 secs 

Phase 1.1  Initial Placement Analysis
Phase 1.1  Initial Placement Analysis (Checksum:1da92c73) REAL time: 21 secs 

Phase 2.7  Design Feasibility Check
Phase 2.7  Design Feasibility Check (Checksum:1da92c73) REAL time: 21 secs 

Phase 3.31  Local Placement Optimization
Phase 3.31  Local Placement Optimization (Checksum:27495425) REAL time: 21 secs 

Phase 4.2  Initial Placement for Architecture Specific Features



There are 6 clock regions on the target FPGA device:
|------------------------------------------|------------------------------------------|
| CLOCKREGION_X0Y2:                        | CLOCKREGION_X1Y2:                        |
|   0 BUFRs available, 0 in use            |   0 BUFRs available, 0 in use            |
|   4 Regional Clock Spines, 0 in use      |   4 Regional Clock Spines, 0 in use      |
|   0 edge BUFIOs available, 0 in use      |   4 edge BUFIOs available, 0 in use      |
|   0 center BUFIOs available, 0 in use    |   0 center BUFIOs available, 0 in use    |
|                                          |                                          |
|------------------------------------------|------------------------------------------|
| CLOCKREGION_X0Y1:                        | CLOCKREGION_X1Y1:                        |
|   0 BUFRs available, 0 in use            |   0 BUFRs available, 0 in use            |
|   4 Regional Clock Spines, 0 in use      |   4 Regional Clock Spines, 0 in use      |
|   0 edge BUFIOs available, 0 in use      |   4 edge BUFIOs available, 0 in use      |
|   0 center BUFIOs available, 0 in use    |   0 center BUFIOs available, 0 in use    |
|                                          |                                          |
|------------------------------------------|------------------------------------------|
| CLOCKREGION_X0Y0:                        | CLOCKREGION_X1Y0:                        |
|   0 BUFRs available, 0 in use            |   0 BUFRs available, 0 in use            |
|   4 Regional Clock Spines, 0 in use      |   4 Regional Clock Spines, 0 in use      |
|   4 edge BUFIOs available, 0 in use      |   4 edge BUFIOs available, 0 in use      |
|   0 center BUFIOs available, 0 in use    |   0 center BUFIOs available, 0 in use    |
|                                          |                                          |
|------------------------------------------|------------------------------------------|


Clock-Region: <CLOCKREGION_X1Y1>
  key resource utilizations (used/available): edge-bufios - 1/4; bufrs - 0/0; regional-clock-spines - 0/4
|-----------------------------------------------------------------------------------------------------------------------------------------------------------
|       |    clock    | BRAM |     |    |        |        |       |       |       |      |      |     |      |
|       |    region   | FIFO | DCM | GT | ILOGIC | OLOGIC |   FF  |  LUTM |  LUTL | MULT | EMAC | PPC | PCIe | <- (Types of Resources in Clock Region)
|-------|-------------|------|-----|----|--------|--------|-------|-------|-------|------|------|-----|------|----------------------------------------------
|       | Upper Region|  90  |  0  |  0 |   50   |   50   | 20800 |  6800 | 14000 |  40  |   0  |  0  |   0  | <- Available resources in the upper region
|-------|-------------|------|-----|----|--------|--------|-------|-------|-------|------|------|-----|------|----------------------------------------------
|       |CurrentRegion|  90  |  0  |  0 |   50   |   50   | 20800 |  6800 | 14000 |  40  |   0  |  0  |   0  | <- Available resources in the current region
|-------|-------------|------|-----|----|--------|--------|-------|-------|-------|------|------|-----|------|----------------------------------------------
|       | Lower Region|  90  |  0  |  0 |   50   |   50   | 25600 |  6800 | 18800 |  40  |   0  |  0  |   0  | <- Available resources in the lower region
|-------|-------------|------|-----|----|--------|--------|-------|-------|-------|------|------|-----|------|----------------------------------------------
| clock |    region   |                                                                                      -----------------------------------------------
|  type |  expansion  |                                                                                      | <IO/Regional clock Net Name>
|-------|-------------|------|-----|----|--------|--------|-------|-------|-------|------|------|-----|------|----------------------------------------------


Clock-Region: <CLOCKREGION_X1Y2>
  key resource utilizations (used/available): edge-bufios - 1/4; bufrs - 0/0; regional-clock-spines - 0/4
|-----------------------------------------------------------------------------------------------------------------------------------------------------------
|       |    clock    | BRAM |     |    |        |        |       |       |       |      |      |     |      |
|       |    region   | FIFO | DCM | GT | ILOGIC | OLOGIC |   FF  |  LUTM |  LUTL | MULT | EMAC | PPC | PCIe | <- (Types of Resources in Clock Region)
|-------|-------------|------|-----|----|--------|--------|-------|-------|-------|------|------|-----|------|----------------------------------------------
|       |CurrentRegion|  90  |  0  |  0 |   50   |   50   | 20800 |  6800 | 14000 |  40  |   0  |  0  |   0  | <- Available resources in the current region
|-------|-------------|------|-----|----|--------|--------|-------|-------|-------|------|------|-----|------|----------------------------------------------
|       | Lower Region|  90  |  0  |  0 |   50   |   50   | 20800 |  6800 | 14000 |  40  |   0  |  0  |   0  | <- Available resources in the lower region
|-------|-------------|------|-----|----|--------|--------|-------|-------|-------|------|------|-----|------|----------------------------------------------
| clock |    region   |                                                                                      -----------------------------------------------
|  type |  expansion  |                                                                                      | <IO/Regional clock Net Name>
|-------|-------------|------|-----|----|--------|--------|-------|-------|-------|------|------|-----|------|----------------------------------------------




######################################################################################
# REGIONAL CLOCKING RESOURCE DISTRIBUTION UCF REPORT:
#
# Number of Regional Clocking Regions in the device: 6  (4 clock spines in each)
# Number of Regional Clock Networks used in this design: 5 (each network can be
# composed of up to 3 clock spines and cover up to 3 regional clock regions)
# 
######################################################################################

# Regional-Clock "IntDivClk35" driven by "BUFR_X1Y8"
INST "AdcClk/Gen_Bufr_Div_3.AdcClock_I_Bufr35" LOC = "BUFR_X1Y8" ;
NET "IntDivClk35" TNM_NET = "TN_IntDivClk35" ;
TIMEGRP "TN_IntDivClk35" AREA_GROUP = "CLKAG_IntDivClk35" ;
AREA_GROUP "CLKAG_IntDivClk35" RANGE = CLOCKREGION_X1Y2;


# IO-Clock "BitClk_N_0" driven by "BUFIO_X1Y8"
INST "AdcClk/AdcClock_I_Bufio35" LOC = "BUFIO_X1Y8" ;
NET "BitClk_N_0" TNM_NET = "TN_BitClk_N_0" ;
TIMEGRP "TN_BitClk_N_0" AREA_GROUP = "CLKAG_BitClk_N_0" ;
AREA_GROUP "CLKAG_BitClk_N_0" RANGE = CLOCKREGION_X1Y2;


# IO-Clock "BitClk_N" driven by "BUFIO_X1Y4"
INST "AdcClk/AdcClock_I_Bufio34" LOC = "BUFIO_X1Y4" ;
NET "BitClk_N" TNM_NET = "TN_BitClk_N" ;
TIMEGRP "TN_BitClk_N" AREA_GROUP = "CLKAG_BitClk_N" ;
AREA_GROUP "CLKAG_BitClk_N" RANGE = CLOCKREGION_X1Y1;


# Regional-Clock "IntDivClk34" driven by "BUFR_X1Y4"
INST "AdcClk/Gen_Bufr_Div_3.AdcClock_I_Bufr34" LOC = "BUFR_X1Y4" ;
NET "IntDivClk34" TNM_NET = "TN_IntDivClk34" ;
TIMEGRP "TN_IntDivClk34" AREA_GROUP = "CLKAG_IntDivClk34" ;
AREA_GROUP "CLKAG_IntDivClk34" RANGE = CLOCKREGION_X1Y1;


Phase 4.2  Initial Placement for Architecture Specific Features (Checksum:2fe8848f) REAL time: 25 secs 

Phase 5.30  Global Clock Region Assignment
Phase 5.30  Global Clock Region Assignment (Checksum:2fe8848f) REAL time: 25 secs 

Phase 6.3  Local Placement Optimization
Phase 6.3  Local Placement Optimization (Checksum:2fe8848f) REAL time: 25 secs 

Phase 7.5  Local Placement Optimization
Phase 7.5  Local Placement Optimization (Checksum:2fe8848f) REAL time: 25 secs 

Phase 8.8  Global Placement
.....................................
........................................................................
............................................................................................................
.....................................................................................................
Phase 8.8  Global Placement (Checksum:583fa8f2) REAL time: 46 secs 

Phase 9.5  Local Placement Optimization
Phase 9.5  Local Placement Optimization (Checksum:583fa8f2) REAL time: 46 secs 

Phase 10.18  Placement Optimization
Phase 10.18  Placement Optimization (Checksum:e4cb27f5) REAL time: 48 secs 

Phase 11.5  Local Placement Optimization
Phase 11.5  Local Placement Optimization (Checksum:e4cb27f5) REAL time: 48 secs 

Phase 12.34  Placement Validation
Phase 12.34  Placement Validation (Checksum:e4cb27f5) REAL time: 48 secs 

Total REAL time to Placer completion: 48 secs 
Total CPU  time to Placer completion: 48 secs 
Running post-placement packing...
Writing output files...

Design Summary:
Number of errors:      0
Number of warnings:    7
Slice Logic Utilization:
  Number of Slice Registers:                   755 out of 106,400    1%
    Number used as Flip Flops:                 689
    Number used as Latches:                     66
    Number used as Latch-thrus:                  0
    Number used as AND/OR logics:                0
  Number of Slice LUTs:                        970 out of  53,200    1%
    Number used as logic:                      889 out of  53,200    1%
      Number using O6 output only:             651
      Number using O5 output only:             120
      Number using O5 and O6:                  118
      Number used as ROM:                        0
    Number used as Memory:                      66 out of  17,400    1%
      Number used as Dual Port RAM:              0
      Number used as Single Port RAM:            0
      Number used as Shift Register:            66
        Number using O6 output only:            34
        Number using O5 output only:             0
        Number using O5 and O6:                 32
    Number used exclusively as route-thrus:     15
      Number with same-slice register load:     11
      Number with same-slice carry load:         4
      Number with other load:                    0

Slice Logic Distribution:
  Number of occupied Slices:                   355 out of  13,300    2%
  Number of LUT Flip Flop pairs used:        1,077
    Number with an unused Flip Flop:           392 out of   1,077   36%
    Number with an unused LUT:                 107 out of   1,077    9%
    Number of fully used LUT-FF pairs:         578 out of   1,077   53%
    Number of unique control sets:              40
    Number of slice register sites lost
      to control set restrictions:             155 out of 106,400    1%

  A LUT Flip Flop pair for this architecture represents one LUT paired with
  one Flip Flop within a slice.  A control set is a unique combination of
  clock, reset, set, and enable signals for a registered element.
  The Slice Logic Distribution report is not meaningful if the design is
  over-mapped for a non-slice resource or if Placement fails.
  OVERMAPPING of BRAM resources should be ignored if the design is
  over-mapped for a non-BRAM resource or if placement fails.

IO Utilization:
  Number of bonded IOBs:                        54 out of     200   27%
    Number of LOCed IOBs:                       54 out of      54  100%
  Number of bonded IOPAD:                      130 out of     130  100%

Specific Feature Utilization:
  Number of RAMB36E1/FIFO36E1s:                  0 out of     140    0%
  Number of RAMB18E1/FIFO18E1s:                  2 out of     280    1%
    Number using RAMB18E1 only:                  0
    Number using FIFO18E1 only:                  2
  Number of BUFG/BUFGCTRLs:                      5 out of      32   15%
    Number used as BUFGs:                        5
    Number used as BUFGCTRLs:                    0
  Number of IDELAYE2/IDELAYE2_FINEDELAYs:        1 out of     200    1%
    Number used as IDELAYE2s:                    1
    Number used as IDELAYE2_FINEDELAYs:          0
  Number of ILOGICE2/ILOGICE3/ISERDESE2s:       19 out of     200    9%
    Number used as ILOGICE2s:                    0
  Number used as  ILOGICE3s:                     0
    Number used as ISERDESE2s:                  19
  Number of ODELAYE2/ODELAYE2_FINEDELAYs:        0
  Number of OLOGICE2/OLOGICE3/OSERDESE2s:        0 out of     200    0%
  Number of PHASER_IN/PHASER_IN_PHYs:            0 out of      16    0%
  Number of PHASER_OUT/PHASER_OUT_PHYs:          0 out of      16    0%
  Number of BSCANs:                              0 out of       4    0%
  Number of BUFHCEs:                             0 out of      72    0%
  Number of BUFRs:                               2 out of      16   12%
    Number of LOCed BUFRs:                       2 out of       2  100%
  Number of CAPTUREs:                            0 out of       1    0%
  Number of DNA_PORTs:                           0 out of       1    0%
  Number of DSP48E1s:                            0 out of     220    0%
  Number of EFUSE_USRs:                          0 out of       1    0%
  Number of FRAME_ECCs:                          0 out of       1    0%
  Number of ICAPs:                               0 out of       2    0%
  Number of IDELAYCTRLs:                         1 out of       4   25%
  Number of IN_FIFOs:                            0 out of      16    0%
  Number of MMCME2_ADVs:                         0 out of       4    0%
  Number of OUT_FIFOs:                           0 out of      16    0%
  Number of PHASER_REFs:                         0 out of       4    0%
  Number of PHY_CONTROLs:                        0 out of       4    0%
  Number of PLLE2_ADVs:                          0 out of       4    0%
  Number of PS7s:                                1 out of       1  100%
  Number of STARTUPs:                            0 out of       1    0%
  Number of XADCs:                               0 out of       1    0%

Average Fanout of Non-Clock Nets:                3.05

Peak Memory Usage:  838 MB
Total REAL time to MAP completion:  50 secs 
Total CPU time to MAP completion:   50 secs 

Mapping completed.
See MAP report file "module_1_stub.mrp" for details.

*** Running par
    with args -intstyle pa "module_1_stub.ncd" -w "module_1_stub_routed.ncd"




Constraints file: module_1_stub.pcf.
Loading device for application Rf_Device from file '7z020.nph' in environment C:\Xilinx\14.5\ISE_DS\ISE\.
   "module_1_stub" is an NCD, version 3.2, device xc7z020, package clg484, speed -1

Initializing temperature to 85.000 Celsius. (default - Range: 0.000 to 85.000 Celsius)
Initializing voltage to 0.950 Volts. (default - Range: 0.950 to 1.050 Volts)


Device speed data version:  "PRODUCTION 1.06 2013-03-26".



Device Utilization Summary:

   Number of BUFGs                           5 out of 32     15%
   Number of BUFIOs                          2 out of 16     12%
      Number of LOCed BUFIOs                 2 out of 2     100%

   Number of BUFMRCEs                        1 out of 8      12%
   Number of BUFRs                           2 out of 16     12%
      Number of LOCed BUFRs                  2 out of 2     100%

   Number of FIFO18E1s                       2 out of 140     1%
   Number of IDELAYCTRLs                     1 out of 4      25%
   Number of IDELAYE2s                       1 out of 200     1%
   Number of External IOB33s                54 out of 200    27%
      Number of LOCed IOB33s                54 out of 54    100%

   Number of External IOPADs               130 out of 130   100%
      Number of LOCed IOPADs               127 out of 130    97%

   Number of ISERDESE2s                     19 out of 200     9%
   Number of PS7s                            1 out of 1     100%
   Number of Slices                        355 out of 13300   2%
   Number of Slice Registers               755 out of 106400  1%
      Number used as Flip Flops            689
      Number used as Latches                66
      Number used as LatchThrus              0

   Number of Slice LUTS                    970 out of 53200   1%
   Number of Slice LUT-Flip Flop pairs    1062 out of 53200   1%


Overall effort level (-ol):   Standard 
Router effort level (-rl):    High 

INFO:Timing:3386 - Intersecting Constraints found and resolved.  For more information, see the TSI report.  Please consult the Xilinx
   Command Line Tools User Guide for information on generating a TSI report.
Starting initial Timing Analysis.  REAL time: 12 secs 
WARNING:Par:450 - At least one timing constraint is impossible to meet because component switching limit violations have been detected for a
   constrained component. A timing constraint summary below shows the failing constraints (preceded with an Asterisk (*)). Please use the
   Timing Analyzer (GUI) or TRCE (command line) with the Mapped NCD and PCF files to evaluate the component switching limit violations in
   more detail. Evaluate the datasheet for alternative configurations for the component that could allow the frequencies requested in the
   constraint. Otherwise, the timing constraint covering this component might need to be modified to satisfy the component switching limits
   specified in the datasheet.

INFO:Timing:3386 - Intersecting Constraints found and resolved.  For more 
   information, see the TSI report.  Please consult the Xilinx Command Line 
   Tools User Guide for information on generating a TSI report.
INFO:Timing:3284 - This timing report was generated using estimated delay 
   information.  For accurate numbers, please refer to the post Place and Route 
   timing report.
Number of Timing Constraints that were not applied: 1

Asterisk (*) preceding a constraint indicates it was not met.
   This may be due to a setup or hold violation.

----------------------------------------------------------------------------------------------------------
  Constraint                                |    Check    | Worst Case |  Best Case | Timing |   Timing   
                                            |             |    Slack   | Achievable | Errors |    Score   
----------------------------------------------------------------------------------------------------------
* TS_clk_fpga_0 = PERIOD TIMEGRP "clk_fpga_ | SETUP       |     3.124ns|     6.876ns|       0|           0
  0" 100 MHz HIGH 50%                       | HOLD        |     0.269ns|            |       0|           0
                                            | MAXPERIOD   |    -4.736ns|            |       1|        4736
----------------------------------------------------------------------------------------------------------
  NET "BitClk_N_0" MAXSKEW = 0.1 ns         | NETSKEW     |     0.100ns|     0.000ns|       0|           0
----------------------------------------------------------------------------------------------------------
  NET "BitClk_N" MAXSKEW = 0.1 ns           | NETSKEW     |     0.100ns|     0.000ns|       0|           0
----------------------------------------------------------------------------------------------------------
  NET "IntDivClk35" MAXSKEW = 0.3 ns        | NETSKEW     |     0.300ns|     0.000ns|       0|           0
----------------------------------------------------------------------------------------------------------
  NET "IntDivClk34" MAXSKEW = 0.3 ns        | NETSKEW     |     0.300ns|     0.000ns|       0|           0
----------------------------------------------------------------------------------------------------------
  TS_ClkDiv = PERIOD TIMEGRP "BitClkRefClk" | SETUP       |     0.832ns|     4.168ns|       0|           0
   5 ns HIGH 50%                            | HOLD        |     0.175ns|            |       0|           0
----------------------------------------------------------------------------------------------------------
  TS_ClkIsrds_ClkFfs = MAXDELAY FROM TIMEGR | MAXDELAY    |     1.410ns|     3.090ns|       0|           0
  P "AdcClk_Isrds" TO TIMEGRP         "AdcC | HOLD        |     0.925ns|            |       0|           0
  lk_Ffs" 4.5 ns                            |             |            |            |        |            
----------------------------------------------------------------------------------------------------------
  TS_clk_fpga_1 = PERIOD TIMEGRP "clk_fpga_ | N/A         |         N/A|         N/A|     N/A|         N/A
  1" 30.303 MHz HIGH 50%                    |             |            |            |        |            
----------------------------------------------------------------------------------------------------------
  PATH "TS_axi_interconnect_1_reset_resync_ | SETUP       |         N/A|     0.933ns|     N/A|           0
  path" TIG                                 |             |            |            |        |            
----------------------------------------------------------------------------------------------------------


1 constraint not met.
INFO:Timing:2761 - N/A entries in the Constraints List may indicate that the 
   constraint is not analyzed due to the following: No paths covered by this 
   constraint; Other constraints intersect with this constraint; or This 
   constraint was disabled by a Path Tracing Control. Please run the Timespec 
   Interaction Report (TSI) via command line (trce tsi) or Timing Analyzer GUI.


Finished initial Timing Analysis.  REAL time: 12 secs 

Starting Router


Phase  1  : 7126 unrouted;      REAL time: 13 secs 

Phase  2  : 4359 unrouted;      REAL time: 13 secs 

Phase  3  : 1440 unrouted;      REAL time: 15 secs 

Phase  4  : 1438 unrouted; (Setup:0, Hold:6250, Component Switching Limit:4736)     REAL time: 18 secs 

Updating file: module_1_stub_routed.ncd with current fully routed design.

Phase  5  : 0 unrouted; (Setup:0, Hold:4225, Component Switching Limit:4736)     REAL time: 21 secs 

Phase  6  : 0 unrouted; (Setup:0, Hold:4225, Component Switching Limit:4736)     REAL time: 21 secs 

Phase  7  : 0 unrouted; (Setup:0, Hold:4225, Component Switching Limit:4736)     REAL time: 21 secs 

Phase  8  : 0 unrouted; (Setup:0, Hold:4225, Component Switching Limit:4736)     REAL time: 21 secs 

Phase  9  : 0 unrouted; (Setup:0, Hold:0, Component Switching Limit:4736)     REAL time: 21 secs 
Total REAL time to Router completion: 21 secs 
Total CPU time to Router completion: 22 secs 

Partition Implementation Status
-------------------------------

  No Partitions were found in this design.

-------------------------------

Generating "PAR" statistics.

**************************
Generating Clock Report
**************************

+---------------------+--------------+------+------+------------+-------------+
|        Clock Net    |   Resource   |Locked|Fanout|Net Skew(ns)|Max Delay(ns)|
+---------------------+--------------+------+------+------------+-------------+
|         IntDivClk35 |  Regional Clk|Yes   |   40 |  0.175     |  0.970      |
+---------------------+--------------+------+------+------------+-------------+
|          BitClk_N_0 |        IO Clk|Yes   |   21 |  0.021     |  0.341      |
+---------------------+--------------+------+------+------------+-------------+
|            BitClk_N |        IO Clk|Yes   |   16 |  0.022     |  0.342      |
+---------------------+--------------+------+------+------------+-------------+
|         IntDivClk34 |  Regional Clk|Yes   |   16 |  0.087     |  0.882      |
+---------------------+--------------+------+------+------------+-------------+
|AdcFrame1/BitSlipCtr |              |      |      |            |             |
|lP/currState[2]_PWR_ |              |      |      |            |             |
|  17_o_Mux_24_o_BUFG | BUFGCTRL_X0Y0| No   |    9 |  0.011     |  1.780      |
+---------------------+--------------+------+------+------------+-------------+
|AdcFrame1/BitSlipCtr |              |      |      |            |             |
|lN/currState[2]_PWR_ |              |      |      |            |             |
|  17_o_Mux_24_o_BUFG | BUFGCTRL_X0Y1| No   |    9 |  0.192     |  2.059      |
+---------------------+--------------+------+------+------------+-------------+
|sprocessing_system7_ |              |      |      |            |             |
|     0_FCLK_CLK0_pin |BUFGCTRL_X0Y31| No   |  189 |  0.281     |  1.913      |
+---------------------+--------------+------+------+------------+-------------+
|         delayRefClk |BUFGCTRL_X0Y30| No   |    1 |  0.000     |  1.740      |
+---------------------+--------------+------+------+------------+-------------+
|AdcFrame1/BitSlipCtr |              |      |      |            |             |
|lN/currState[2]_PWR_ |              |      |      |            |             |
|       49_o_Mux_88_o |         Local|      |    1 |  0.000     |  0.337      |
+---------------------+--------------+------+------+------------+-------------+
|AdcFrame1/BitSlipCtr |              |      |      |            |             |
|lP/currState[2]_PWR_ |              |      |      |            |             |
|       49_o_Mux_88_o |         Local|      |    1 |  0.000     |  0.645      |
+---------------------+--------------+------+------+------------+-------------+
| sfifoControlPins[1] |         Local|      |    4 |  0.425     |  1.613      |
+---------------------+--------------+------+------+------------+-------------+
| AdcClk/IntBitClkOut |         Local|      |    1 |  0.000     |  0.656      |
+---------------------+--------------+------+------+------------+-------------+

* Net Skew is the difference between the minimum and maximum routing
only delays for the net. Note this is different from Clock Skew which
is reported in TRCE timing report. Clock Skew is the difference between
the minimum and maximum path delays which includes logic delays.

* The fanout is the number of component pins not the individual BEL loads,
for example SLICE loads not FF loads.

Timing Score: 4736 (Setup: 0, Hold: 0, Component Switching Limit: 4736)

WARNING:Par:468 - Your design did not meet timing.  The following are some suggestions to assist you to meet timing in
   your design.

   Review the timing report using Timing Analyzer (In ISE select "Post-Place &
   Route Static Timing Report"). Go to the failing constraint(s) and evaluate the failing paths for each constraint.

   Try the Design Goal and Strategies for Timing Performance(In ISE select Project -> Design Goals & Strategies) to
   ensure the best options are set in the tools for timing closure.

   Increase the PAR Effort Level setting to "high"

   Use the Xilinx "SmartXplorer" script to try special combinations of
   options known to produce very good results.

   Visit the Xilinx technical support web at http://support.xilinx.com and go to
   either "Troubleshoot->Tech Tips->Timing & Constraints" or "
   TechXclusives->Timing Closure" for tips and suggestions for meeting timing
   in your design.

Number of Timing Constraints that were not applied: 1

Asterisk (*) preceding a constraint indicates it was not met.
   This may be due to a setup or hold violation.

----------------------------------------------------------------------------------------------------------
  Constraint                                |    Check    | Worst Case |  Best Case | Timing |   Timing   
                                            |             |    Slack   | Achievable | Errors |    Score   
----------------------------------------------------------------------------------------------------------
* TS_clk_fpga_0 = PERIOD TIMEGRP "clk_fpga_ | SETUP       |     1.680ns|     8.320ns|       0|           0
  0" 100 MHz HIGH 50%                       | HOLD        |     0.033ns|            |       0|           0
                                            | MAXPERIOD   |    -4.736ns|            |       1|        4736
----------------------------------------------------------------------------------------------------------
  NET "BitClk_N" MAXSKEW = 0.1 ns           | NETSKEW     |     0.034ns|     0.066ns|       0|           0
----------------------------------------------------------------------------------------------------------
  NET "BitClk_N_0" MAXSKEW = 0.1 ns         | NETSKEW     |     0.035ns|     0.065ns|       0|           0
----------------------------------------------------------------------------------------------------------
  TS_ClkDiv = PERIOD TIMEGRP "BitClkRefClk" | SETUP       |     0.037ns|     4.963ns|       0|           0
   5 ns HIGH 50%                            | HOLD        |     0.001ns|            |       0|           0
----------------------------------------------------------------------------------------------------------
  NET "IntDivClk35" MAXSKEW = 0.3 ns        | NETSKEW     |     0.067ns|     0.233ns|       0|           0
----------------------------------------------------------------------------------------------------------
  NET "IntDivClk34" MAXSKEW = 0.3 ns        | NETSKEW     |     0.155ns|     0.145ns|       0|           0
----------------------------------------------------------------------------------------------------------
  TS_ClkIsrds_ClkFfs = MAXDELAY FROM TIMEGR | MAXDELAY    |     0.357ns|     4.143ns|       0|           0
  P "AdcClk_Isrds" TO TIMEGRP         "AdcC | HOLD        |     0.485ns|            |       0|           0
  lk_Ffs" 4.5 ns                            |             |            |            |        |            
----------------------------------------------------------------------------------------------------------
  TS_clk_fpga_1 = PERIOD TIMEGRP "clk_fpga_ | N/A         |         N/A|         N/A|     N/A|         N/A
  1" 30.303 MHz HIGH 50%                    |             |            |            |        |            
----------------------------------------------------------------------------------------------------------
  PATH "TS_axi_interconnect_1_reset_resync_ | SETUP       |         N/A|     1.081ns|     N/A|           0
  path" TIG                                 |             |            |            |        |            
----------------------------------------------------------------------------------------------------------


1 constraint not met.
INFO:Timing:2761 - N/A entries in the Constraints List may indicate that the 
   constraint is not analyzed due to the following: No paths covered by this 
   constraint; Other constraints intersect with this constraint; or This 
   constraint was disabled by a Path Tracing Control. Please run the Timespec 
   Interaction Report (TSI) via command line (trce tsi) or Timing Analyzer GUI.


Generating Pad Report.

All signals are completely routed.

Total REAL time to PAR completion: 22 secs 
Total CPU time to PAR completion: 23 secs 

Peak Memory Usage:  670 MB

Placer: Placement generated during map.
Routing: Completed - No errors found.
Timing: Completed - 2 errors found.

Number of error messages: 0
Number of warning messages: 2
Number of info messages: 1

Writing design to file module_1_stub_routed.ncd



PAR done!

*** Running trce
    with args -intstyle ise -o "module_1_stub.twr" -v 30 -l 30 "module_1_stub_routed.ncd" "module_1_stub.pcf"

Loading device for application Rf_Device from file '7z020.nph' in environment
C:\Xilinx\14.5\ISE_DS\ISE\.
   "module_1_stub" is an NCD, version 3.2, device xc7z020, package clg484, speed
-1

Analysis completed Fri Nov 15 11:48:32 2013
--------------------------------------------------------------------------------

Generating Report ...

Number of warnings: 0
Total time: 12 secs 

*** Running xdl
    with args -secure -ncd2xdl -nopips "module_1_stub_routed.ncd" "module_1_stub_routed.xdl"

Release 14.5 - xdl P.58f (nt64)
Copyright (c) 1995-2012 Xilinx, Inc.  All rights reserved.

WARNING:XDL:213 - The resulting xdl output will not have LUT equation strings or RAM INIT strings.
Loading device for application Rf_Device from file '7z020.nph' in environment C:\Xilinx\14.5\ISE_DS\ISE\.
   "module_1_stub" is an NCD, version 3.2, device xc7z020, package clg484, speed -1
Successfully converted design 'module_1_stub_routed.ncd' to 'module_1_stub_routed.xdl'.

*** Running bitgen
    with args "module_1_stub_routed.ncd" "module_1_stub.bit" "module_1_stub.pcf" -w -intstyle pa

WARNING:PhysDesignRules:372 - Gated clock. Clock net
   AdcFrame1/BitSlipCtrlN/currState[2]_PWR_49_o_Mux_88_o is sourced by a
   combinatorial pin. This is not good design practice. Use the CE pin to
   control the loading of data into the flip-flop.
WARNING:PhysDesignRules:372 - Gated clock. Clock net
   AdcFrame1/BitSlipCtrlP/currState[2]_PWR_49_o_Mux_88_o is sourced by a
   combinatorial pin. This is not good design practice. Use the CE pin to
   control the loading of data into the flip-flop.
WARNING:PhysDesignRules:2165 - Issue with pin connections and/or configuration
   on block:<AdcClk/AdcClock_I_Isrds_Master>:<ISERDESE2_ISERDESE2>.  Useless CE2
   input pin. With NUM_CE set 1, the CE2 input pin is being ignored.
