
*** Running ngdbuild
    with args -intstyle ise -p xc7z020clg484-1 -dd _ngo -uc "module_1_stub.ucf" "module_1_stub.edf"


Command Line: C:\Xilinx\14.5\ISE_DS\ISE\bin\nt64\unwrapped\ngdbuild.exe
-intstyle ise -p xc7z020clg484-1 -dd _ngo -uc module_1_stub.ucf
module_1_stub.edf

Executing edif2ngd -quiet "module_1_stub.edf" "_ngo\module_1_stub.ngo"
Release 14.5 - edif2ngd P.58f (nt64)
Copyright (c) 1995-2012 Xilinx, Inc.  All rights reserved.
Reading NGO file
"C:/Users/rchil/Desktop/Artemis/Software_desarrollado/Zynq/ADC_Read4/ADC_Read4.r
uns/impl_1/_ngo/module_1_stub.ngo" ...
Gathering constraint information from source properties...
Done.

Annotating constraints to design from ucf file "module_1_stub.ucf" ...
Resolving constraint associations...
Checking Constraint Associations...
WARNING:ConstraintSystem:137 - Constraint <NET
   "module_1_i/processing_system7_0/FCLK_CLK1" TNM_NET = "clk_fpga_1";>
   [module_1_stub.ucf(31)]: No appropriate instances for the TNM constraint are
   driven by "module_1_i/processing_system7_0_FCLK_CLK1_pin".

WARNING:ConstraintSystem:56 - Constraint <TIMESPEC TS_clk_fpga_1 = PERIOD
   "clk_fpga_1" 200000 KHz;> [module_1_stub.ucf(32)]: Unable to find an active
   'TNM' or 'TimeGrp' constraint named 'clk_fpga_1'.

WARNING:ConstraintSystem:58 - Constraint <TIMEGRP
   axi_interconnect_1_reset_source =   FFS  PADS  CPUS;>
   [module_1_stub.ucf(594)]: CPUS "*" does not match any design objects.

WARNING:ConstraintSystem:191 - The TNM 'clk_fpga_1', does not directly or
   indirectly drive any flip-flops, latches and/or RAMS and cannot be actively
   used by the referencing Period constraint 'TS_clk_fpga_1'. If clock manager
   blocks are directly or indirectly driven, a new TNM constraint will not be
   derived even though the referencing constraint is a PERIOD constraint unless
   an output of the clock manager drives flip-flops, latches or RAMs. This TNM
   is used in the following user PERIOD specification:
   <TIMESPEC TS_clk_fpga_1 = PERIOD "clk_fpga_1" 200000 KHz;>
   [module_1_stub.ucf(32)]

WARNING:ConstraintSystem:197 - The following specification is invalid because
   the referenced TNM constraint was removed:
   <TIMESPEC TS_clk_fpga_1 = PERIOD "clk_fpga_1" 200000 KHz;>
   [module_1_stub.ucf(32)]

Done...

Checking expanded design ...
WARNING:NgdBuild:478 - clock net module_1_i/processing_system7_0_FCLK_CLK1_pin
   with clock driver
   module_1_i/processing_system7_0/processing_system7_0/buffer_fclk_clk_1.FCLK_C
   LK_1_BUFG drives no clock pins

Partition Implementation Status
-------------------------------

  No Partitions were found in this design.

-------------------------------

NGDBUILD Design Results Summary:
  Number of errors:     0
  Number of warnings:   6

Writing NGD file "module_1_stub.ngd" ...
Total REAL time to NGDBUILD completion:  17 sec
Total CPU time to NGDBUILD completion:   11 sec

Writing NGDBUILD log file "module_1_stub.bld"...

NGDBUILD done.

*** Running map
    with args -intstyle pa -w "module_1_stub.ngd"

Using target part "7z020clg484-1".
WARNING:LIT:702 - PAD symbol "processing_system7_0_PS_SRSTB_pin" is not
   constrained (LOC) to a specific location.
Mapping design into LUTs...
WARNING:MapLib:701 - Signal FCLK[0] connected to top level port FCLK(0) has been
   removed.
WARNING:MapLib:701 - Signal FCLK[1] connected to top level port FCLK(1) has been
   removed.
Running directed packing...
WARNING:Pack:2949 - The I/O component ADC_Data0[1] uses an DQS_BIAS attribute
   with I/O standard LVDS_25. The DQS_BIAS attribute will be ignored since the
   selected I/O standard does not support DQS_BIAS usage.
WARNING:Pack:2949 - The I/O component ADC_Data0[0] uses an DQS_BIAS attribute
   with I/O standard LVDS_25. The DQS_BIAS attribute will be ignored since the
   selected I/O standard does not support DQS_BIAS usage.
WARNING:Pack:2949 - The I/O component ADC_Data1[1] uses an DQS_BIAS attribute
   with I/O standard LVDS_25. The DQS_BIAS attribute will be ignored since the
   selected I/O standard does not support DQS_BIAS usage.
WARNING:Pack:2949 - The I/O component ADC_Data1[0] uses an DQS_BIAS attribute
   with I/O standard LVDS_25. The DQS_BIAS attribute will be ignored since the
   selected I/O standard does not support DQS_BIAS usage.
WARNING:Pack:2949 - The I/O component DCLK[0] uses an DQS_BIAS attribute with
   I/O standard LVDS_25. The DQS_BIAS attribute will be ignored since the
   selected I/O standard does not support DQS_BIAS usage.
WARNING:Pack:2949 - The I/O component DCLK[1] uses an DQS_BIAS attribute with
   I/O standard LVDS_25. The DQS_BIAS attribute will be ignored since the
   selected I/O standard does not support DQS_BIAS usage.
Running delay-based LUT packing...
Updating timing models...
INFO:Map:215 - The Interim Design Summary has been generated in the MAP Report
   (.mrp).
Running timing-driven placement...
Total REAL time at the beginning of Placer: 18 secs 
Total CPU  time at the beginning of Placer: 18 secs 

Phase 1.1  Initial Placement Analysis
Phase 1.1  Initial Placement Analysis (Checksum:4706a26a) REAL time: 19 secs 

Phase 2.7  Design Feasibility Check
Phase 2.7  Design Feasibility Check (Checksum:4706a26a) REAL time: 19 secs 

Phase 3.31  Local Placement Optimization
Phase 3.31  Local Placement Optimization (Checksum:4706a26a) REAL time: 19 secs 

Phase 4.2  Initial Placement for Architecture Specific Features

...........................


There are 6 clock regions on the target FPGA device:
|------------------------------------------|------------------------------------------|
| CLOCKREGION_X0Y2:                        | CLOCKREGION_X1Y2:                        |
|   0 BUFRs available, 0 in use            |   0 BUFRs available, 0 in use            |
|   4 Regional Clock Spines, 0 in use      |   4 Regional Clock Spines, 0 in use      |
|   0 edge BUFIOs available, 0 in use      |   4 edge BUFIOs available, 0 in use      |
|   0 center BUFIOs available, 0 in use    |   0 center BUFIOs available, 0 in use    |
|                                          |                                          |
|------------------------------------------|------------------------------------------|
| CLOCKREGION_X0Y1:                        | CLOCKREGION_X1Y1:                        |
|   0 BUFRs available, 0 in use            |   0 BUFRs available, 0 in use            |
|   4 Regional Clock Spines, 0 in use      |   4 Regional Clock Spines, 0 in use      |
|   0 edge BUFIOs available, 0 in use      |   4 edge BUFIOs available, 0 in use      |
|   0 center BUFIOs available, 0 in use    |   0 center BUFIOs available, 0 in use    |
|                                          |                                          |
|------------------------------------------|------------------------------------------|
| CLOCKREGION_X0Y0:                        | CLOCKREGION_X1Y0:                        |
|   0 BUFRs available, 0 in use            |   0 BUFRs available, 0 in use            |
|   4 Regional Clock Spines, 0 in use      |   4 Regional Clock Spines, 0 in use      |
|   4 edge BUFIOs available, 0 in use      |   4 edge BUFIOs available, 0 in use      |
|   0 center BUFIOs available, 0 in use    |   0 center BUFIOs available, 0 in use    |
|                                          |                                          |
|------------------------------------------|------------------------------------------|


Clock-Region: <CLOCKREGION_X1Y2>
  key resource utilizations (used/available): edge-bufios - 1/4; bufrs - 0/0; regional-clock-spines - 0/4
|-----------------------------------------------------------------------------------------------------------------------------------------------------------
|       |    clock    | BRAM |     |    |        |        |       |       |       |      |      |     |      |
|       |    region   | FIFO | DCM | GT | ILOGIC | OLOGIC |   FF  |  LUTM |  LUTL | MULT | EMAC | PPC | PCIe | <- (Types of Resources in Clock Region)
|-------|-------------|------|-----|----|--------|--------|-------|-------|-------|------|------|-----|------|----------------------------------------------
|       |CurrentRegion|  90  |  0  |  0 |   50   |   50   | 20800 |  6800 | 14000 |  40  |   0  |  0  |   0  | <- Available resources in the current region
|-------|-------------|------|-----|----|--------|--------|-------|-------|-------|------|------|-----|------|----------------------------------------------
|       | Lower Region|  90  |  0  |  0 |   50   |   50   | 20800 |  6800 | 14000 |  40  |   0  |  0  |   0  | <- Available resources in the lower region
|-------|-------------|------|-----|----|--------|--------|-------|-------|-------|------|------|-----|------|----------------------------------------------
| clock |    region   |                                                                                      -----------------------------------------------
|  type |  expansion  |                                                                                      | <IO/Regional clock Net Name>
|-------|-------------|------|-----|----|--------|--------|-------|-------|-------|------|------|-----|------|----------------------------------------------




######################################################################################
# REGIONAL CLOCKING RESOURCE DISTRIBUTION UCF REPORT:
#
# Number of Regional Clocking Regions in the device: 6  (4 clock spines in each)
# Number of Regional Clock Networks used in this design: 2 (each network can be
# composed of up to 3 clock spines and cover up to 3 regional clock regions)
# 
######################################################################################

# IO-Clock "SelIO/clk_in_int_buf" driven by "BUFIO_X1Y9"
INST "SelIO/bufio_inst" LOC = "BUFIO_X1Y9" ;
NET "SelIO/clk_in_int_buf" TNM_NET = "TN_SelIO/clk_in_int_buf" ;
TIMEGRP "TN_SelIO/clk_in_int_buf" AREA_GROUP = "CLKAG_SelIO/clk_in_int_buf" ;
AREA_GROUP "CLKAG_SelIO/clk_in_int_buf" RANGE = CLOCKREGION_X1Y2;


# Regional-Clock "clk_Div" driven by "BUFR_X1Y8"
INST "SelIO/clkout_buf_inst" LOC = "BUFR_X1Y8" ;
NET "clk_Div" TNM_NET = "TN_clk_Div" ;
TIMEGRP "TN_clk_Div" AREA_GROUP = "CLKAG_clk_Div" ;
AREA_GROUP "CLKAG_clk_Div" RANGE = CLOCKREGION_X1Y2;


Phase 4.2  Initial Placement for Architecture Specific Features (Checksum:2c2bfad3) REAL time: 22 secs 

Phase 5.30  Global Clock Region Assignment
Phase 5.30  Global Clock Region Assignment (Checksum:2c2bfad3) REAL time: 22 secs 

Phase 6.3  Local Placement Optimization
Phase 6.3  Local Placement Optimization (Checksum:2c2bfad3) REAL time: 22 secs 

Phase 7.5  Local Placement Optimization
Phase 7.5  Local Placement Optimization (Checksum:2c2bfad3) REAL time: 22 secs 

Phase 8.8  Global Placement
............................
......................................................................................................................................................................................................................
..................................................................................................................................................................................................................
Phase 8.8  Global Placement (Checksum:4af5296a) REAL time: 24 secs 

Phase 9.5  Local Placement Optimization
Phase 9.5  Local Placement Optimization (Checksum:4af5296a) REAL time: 24 secs 

Phase 10.18  Placement Optimization
Phase 10.18  Placement Optimization (Checksum:4b2b32dd) REAL time: 25 secs 

Phase 11.5  Local Placement Optimization
Phase 11.5  Local Placement Optimization (Checksum:4b2b32dd) REAL time: 25 secs 

Phase 12.34  Placement Validation
Phase 12.34  Placement Validation (Checksum:4b2b32dd) REAL time: 25 secs 

Total REAL time to Placer completion: 25 secs 
Total CPU  time to Placer completion: 25 secs 
Running post-placement packing...
Writing output files...

Design Summary:
Number of errors:      0
Number of warnings:   11
Slice Logic Utilization:
  Number of Slice Registers:                   457 out of 106,400    1%
    Number used as Flip Flops:                 412
    Number used as Latches:                     45
    Number used as Latch-thrus:                  0
    Number used as AND/OR logics:                0
  Number of Slice LUTs:                        594 out of  53,200    1%
    Number used as logic:                      527 out of  53,200    1%
      Number using O6 output only:             357
      Number using O5 output only:              90
      Number using O5 and O6:                   80
      Number used as ROM:                        0
    Number used as Memory:                      64 out of  17,400    1%
      Number used as Dual Port RAM:              0
      Number used as Single Port RAM:            0
      Number used as Shift Register:            64
        Number using O6 output only:            64
        Number using O5 output only:             0
        Number using O5 and O6:                  0
    Number used exclusively as route-thrus:      3
      Number with same-slice register load:      0
      Number with same-slice carry load:         3
      Number with other load:                    0

Slice Logic Distribution:
  Number of occupied Slices:                   176 out of  13,300    1%
  Number of LUT Flip Flop pairs used:          652
    Number with an unused Flip Flop:           203 out of     652   31%
    Number with an unused LUT:                  58 out of     652    8%
    Number of fully used LUT-FF pairs:         391 out of     652   59%
    Number of unique control sets:              19
    Number of slice register sites lost
      to control set restrictions:              63 out of 106,400    1%

  A LUT Flip Flop pair for this architecture represents one LUT paired with
  one Flip Flop within a slice.  A control set is a unique combination of
  clock, reset, set, and enable signals for a registered element.
  The Slice Logic Distribution report is not meaningful if the design is
  over-mapped for a non-slice resource or if Placement fails.
  OVERMAPPING of BRAM resources should be ignored if the design is
  over-mapped for a non-BRAM resource or if placement fails.

IO Utilization:
  Number of bonded IOBs:                        16 out of     200    8%
    Number of LOCed IOBs:                       16 out of      16  100%
  Number of bonded IOPAD:                      130 out of     130  100%
    IOB Latches:                                 1

Specific Feature Utilization:
  Number of RAMB36E1/FIFO36E1s:                  0 out of     140    0%
  Number of RAMB18E1/FIFO18E1s:                  0 out of     280    0%
  Number of BUFG/BUFGCTRLs:                      2 out of      32    6%
    Number used as BUFGs:                        2
    Number used as BUFGCTRLs:                    0
  Number of IDELAYE2/IDELAYE2_FINEDELAYs:        0 out of     200    0%
  Number of ILOGICE2/ILOGICE3/ISERDESE2s:        2 out of     200    1%
    Number used as ILOGICE2s:                    0
  Number used as  ILOGICE3s:                     0
    Number used as ISERDESE2s:                   2
  Number of ODELAYE2/ODELAYE2_FINEDELAYs:        0
  Number of OLOGICE2/OLOGICE3/OSERDESE2s:        1 out of     200    1%
    Number used as OLOGICE2s:                    1
    Number used as OLOGICE3s:                    0
    Number used as OSERDESE2s:                   0
  Number of PHASER_IN/PHASER_IN_PHYs:            0 out of      16    0%
  Number of PHASER_OUT/PHASER_OUT_PHYs:          0 out of      16    0%
  Number of BSCANs:                              0 out of       4    0%
  Number of BUFHCEs:                             0 out of      72    0%
  Number of BUFRs:                               1 out of      16    6%
  Number of CAPTUREs:                            0 out of       1    0%
  Number of DNA_PORTs:                           0 out of       1    0%
  Number of DSP48E1s:                            0 out of     220    0%
  Number of EFUSE_USRs:                          0 out of       1    0%
  Number of FRAME_ECCs:                          0 out of       1    0%
  Number of ICAPs:                               0 out of       2    0%
  Number of IDELAYCTRLs:                         0 out of       4    0%
  Number of IN_FIFOs:                            0 out of      16    0%
  Number of MMCME2_ADVs:                         0 out of       4    0%
  Number of OUT_FIFOs:                           0 out of      16    0%
  Number of PHASER_REFs:                         0 out of       4    0%
  Number of PHY_CONTROLs:                        0 out of       4    0%
  Number of PLLE2_ADVs:                          0 out of       4    0%
  Number of PS7s:                                1 out of       1  100%
  Number of STARTUPs:                            0 out of       1    0%
  Number of XADCs:                               0 out of       1    0%

Average Fanout of Non-Clock Nets:                2.70

Peak Memory Usage:  802 MB
Total REAL time to MAP completion:  27 secs 
Total CPU time to MAP completion:   27 secs 

Mapping completed.
See MAP report file "module_1_stub.mrp" for details.

*** Running par
    with args -intstyle pa "module_1_stub.ncd" -w "module_1_stub_routed.ncd"




Constraints file: module_1_stub.pcf.
Loading device for application Rf_Device from file '7z020.nph' in environment C:\Xilinx\14.5\ISE_DS\ISE\.
   "module_1_stub" is an NCD, version 3.2, device xc7z020, package clg484, speed -1

Initializing temperature to 85.000 Celsius. (default - Range: 0.000 to 85.000 Celsius)
Initializing voltage to 0.950 Volts. (default - Range: 0.950 to 1.050 Volts)


Device speed data version:  "PRODUCTION 1.06 2013-03-26".



Device Utilization Summary:

   Number of BUFGs                           2 out of 32      6%
   Number of BUFIOs                          1 out of 16      6%
   Number of BUFRs                           1 out of 16      6%
   Number of External IOB33s                16 out of 200     8%
      Number of LOCed IOB33s                16 out of 16    100%

   Number of External IOPADs               130 out of 130   100%
      Number of LOCed IOPADs               127 out of 130    97%

   Number of ISERDESE2s                      2 out of 200     1%
   Number of OLOGICE2s                       1 out of 200     1%
   Number of PS7s                            1 out of 1     100%
   Number of Slices                        176 out of 13300   1%
   Number of Slice Registers               457 out of 106400  1%
      Number used as Flip Flops            412
      Number used as Latches                45
      Number used as LatchThrus              0

   Number of Slice LUTS                    594 out of 53200   1%
   Number of Slice LUT-Flip Flop pairs     652 out of 53200   1%


Overall effort level (-ol):   Standard 
Router effort level (-rl):    High 

INFO:Timing:3386 - Intersecting Constraints found and resolved.  For more information, see the TSI report.  Please consult the Xilinx
   Command Line Tools User Guide for information on generating a TSI report.
Starting initial Timing Analysis.  REAL time: 10 secs 
Finished initial Timing Analysis.  REAL time: 10 secs 

Starting Router


Phase  1  : 4770 unrouted;      REAL time: 11 secs 

Phase  2  : 2296 unrouted;      REAL time: 11 secs 

Phase  3  : 740 unrouted;      REAL time: 12 secs 

Phase  4  : 740 unrouted; (Setup:0, Hold:4284, Component Switching Limit:0)     REAL time: 15 secs 

Updating file: module_1_stub_routed.ncd with current fully routed design.

Phase  5  : 0 unrouted; (Setup:0, Hold:3586, Component Switching Limit:0)     REAL time: 15 secs 

Phase  6  : 0 unrouted; (Setup:0, Hold:3586, Component Switching Limit:0)     REAL time: 15 secs 

Phase  7  : 0 unrouted; (Setup:0, Hold:3586, Component Switching Limit:0)     REAL time: 15 secs 

Phase  8  : 0 unrouted; (Setup:0, Hold:3586, Component Switching Limit:0)     REAL time: 15 secs 

Phase  9  : 0 unrouted; (Setup:0, Hold:0, Component Switching Limit:0)     REAL time: 15 secs 
Total REAL time to Router completion: 15 secs 
Total CPU time to Router completion: 15 secs 

Partition Implementation Status
-------------------------------

  No Partitions were found in this design.

-------------------------------

Generating "PAR" statistics.

**************************
Generating Clock Report
**************************

+---------------------+--------------+------+------+------------+-------------+
|        Clock Net    |   Resource   |Locked|Fanout|Net Skew(ns)|Max Delay(ns)|
+---------------------+--------------+------+------+------------+-------------+
|BitSlipCtrl1/currSta |              |      |      |            |             |
|    te_FSM_FFd2_BUFG | BUFGCTRL_X0Y0| No   |    8 |  0.192     |  1.981      |
+---------------------+--------------+------+------+------------+-------------+
|sprocessing_system7_ |              |      |      |            |             |
|     0_FCLK_CLK0_pin |BUFGCTRL_X0Y31| No   |  122 |  0.266     |  1.914      |
+---------------------+--------------+------+------+------------+-------------+
|SelIO/clk_in_int_buf |              |      |      |            |             |
|                     |        IO Clk| No   |    4 |  0.001     |  0.341      |
+---------------------+--------------+------+------+------------+-------------+
|             clk_Div |  Regional Clk| No   |    3 |  0.079     |  0.892      |
+---------------------+--------------+------+------+------------+-------------+
|BitSlipCtrl1/currSta |              |      |      |            |             |
|te[1]_PWR_53_o_Mux_1 |              |      |      |            |             |
|                11_o |         Local|      |    1 |  0.000     |  0.670      |
+---------------------+--------------+------+------+------------+-------------+
|BitSlipCtrl1/currSta |              |      |      |            |             |
|te[1]_PWR_8_o_Mux_87 |              |      |      |            |             |
|                  _o |         Local|      |    3 |  0.219     |  0.586      |
+---------------------+--------------+------+------+------------+-------------+
|BitSlipCtrl1/currSta |              |      |      |            |             |
|te[1]_PWR_54_o_Mux_1 |              |      |      |            |             |
|                13_o |         Local|      |    1 |  0.000     |  3.848      |
+---------------------+--------------+------+------+------------+-------------+

* Net Skew is the difference between the minimum and maximum routing
only delays for the net. Note this is different from Clock Skew which
is reported in TRCE timing report. Clock Skew is the difference between
the minimum and maximum path delays which includes logic delays.

* The fanout is the number of component pins not the individual BEL loads,
for example SLICE loads not FF loads.

Timing Score: 0 (Setup: 0, Hold: 0, Component Switching Limit: 0)

Asterisk (*) preceding a constraint indicates it was not met.
   This may be due to a setup or hold violation.

----------------------------------------------------------------------------------------------------------
  Constraint                                |    Check    | Worst Case |  Best Case | Timing |   Timing   
                                            |             |    Slack   | Achievable | Errors |    Score   
----------------------------------------------------------------------------------------------------------
  TS_clk_fpga_0 = PERIOD TIMEGRP "clk_fpga_ | SETUP       |    13.865ns|     6.135ns|       0|           0
  0" 50 MHz HIGH 50%                        | HOLD        |     0.023ns|            |       0|           0
----------------------------------------------------------------------------------------------------------
  PATH "TS_axi_interconnect_1_reset_resync_ | SETUP       |         N/A|     1.081ns|     N/A|           0
  path" TIG                                 |             |            |            |        |            
----------------------------------------------------------------------------------------------------------


All constraints were met.
INFO:Timing:2761 - N/A entries in the Constraints List may indicate that the 
   constraint is not analyzed due to the following: No paths covered by this 
   constraint; Other constraints intersect with this constraint; or This 
   constraint was disabled by a Path Tracing Control. Please run the Timespec 
   Interaction Report (TSI) via command line (trce tsi) or Timing Analyzer GUI.


Generating Pad Report.

All signals are completely routed.

Total REAL time to PAR completion: 16 secs 
Total CPU time to PAR completion: 16 secs 

Peak Memory Usage:  668 MB

Placer: Placement generated during map.
Routing: Completed - No errors found.
Timing: Completed - No errors found.

Number of error messages: 0
Number of warning messages: 0
Number of info messages: 1

Writing design to file module_1_stub_routed.ncd



PAR done!

*** Running trce
    with args -intstyle ise -o "module_1_stub.twr" -v 30 -l 30 "module_1_stub_routed.ncd" "module_1_stub.pcf"

Loading device for application Rf_Device from file '7z020.nph' in environment
C:\Xilinx\14.5\ISE_DS\ISE\.
   "module_1_stub" is an NCD, version 3.2, device xc7z020, package clg484, speed
-1

Analysis completed Fri Aug 09 10:49:54 2013
--------------------------------------------------------------------------------

Generating Report ...

Number of warnings: 0
Total time: 11 secs 

*** Running xdl
    with args -secure -ncd2xdl -nopips "module_1_stub_routed.ncd" "module_1_stub_routed.xdl"

Release 14.5 - xdl P.58f (nt64)
Copyright (c) 1995-2012 Xilinx, Inc.  All rights reserved.

WARNING:XDL:213 - The resulting xdl output will not have LUT equation strings or RAM INIT strings.
Loading device for application Rf_Device from file '7z020.nph' in environment C:\Xilinx\14.5\ISE_DS\ISE\.
   "module_1_stub" is an NCD, version 3.2, device xc7z020, package clg484, speed -1
Successfully converted design 'module_1_stub_routed.ncd' to 'module_1_stub_routed.xdl'.

*** Running bitgen
    with args "module_1_stub_routed.ncd" "module_1_stub.bit" "module_1_stub.pcf" -w -intstyle pa

WARNING:PhysDesignRules:372 - Gated clock. Clock net
   BitSlipCtrl1/currState[1]_PWR_53_o_Mux_111_o is sourced by a combinatorial
   pin. This is not good design practice. Use the CE pin to control the loading
   of data into the flip-flop.
WARNING:PhysDesignRules:372 - Gated clock. Clock net
   BitSlipCtrl1/currState[1]_PWR_8_o_Mux_87_o is sourced by a combinatorial pin.
   This is not good design practice. Use the CE pin to control the loading of
   data into the flip-flop.
