
*** Running xst
    with args -ifn "module_1_stub.xst" -ofn "module_1_stub.srp" -intstyle ise

Reading design: module_1_stub.prj

=========================================================================
*                          HDL Parsing                                  *
=========================================================================
Parsing VHDL file "C:/Users/rchil/Desktop/Artemis/Software_desarrollado/Zynq/XApp_v1/XApp_v1.srcs/sources_1/new/AdcFrm_v7.vhd" into library work
Parsing entity <AdcFrm_v7>.
Parsing architecture <AdcFrm_struct_v7> of entity <adcfrm_v7>.
Parsing VHDL file "C:/Users/rchil/Desktop/Artemis/Software_desarrollado/Zynq/XApp_v1/XApp_v1.srcs/sources_1/new/ADCClk_v7.vhd" into library work
Parsing entity <AdcClk_v7>.
Parsing architecture <AdcClk_struct> of entity <adcclk_v7>.
Parsing VHDL file "C:/Users/rchil/Desktop/Artemis/Software_desarrollado/Zynq/XApp_v1/XApp_v1.srcs/sources_1/imports/Zynq_Intro/PWM_Controller.vhd" into library work
Parsing entity <PWM_Controller>.
Parsing architecture <behaviour> of entity <pwm_controller>.
Parsing VHDL file "C:/Users/rchil/Desktop/Artemis/Software_desarrollado/Zynq/XApp_v1/XApp_v1.srcs/sources_1/edk/module_1/hdl/module_1.vhd" into library work
Parsing entity <module_1>.
Parsing architecture <STRUCTURE> of entity <module_1>.
Parsing VHDL file "C:/Users/rchil/Desktop/Artemis/Software_desarrollado/Zynq/XApp_v1/XApp_v1.srcs/sources_1/edk/module_1/module_1_stub.vhd" into library work
Parsing entity <module_1_stub>.
Parsing architecture <STRUCTURE> of entity <module_1_stub>.

=========================================================================
*                            HDL Elaboration                            *
=========================================================================

Elaborating entity <module_1_stub> (architecture <STRUCTURE>) from library <work>.
WARNING:HDLCompiler:871 - "C:/Users/rchil/Desktop/Artemis/Software_desarrollado/Zynq/XApp_v1/XApp_v1.srcs/sources_1/edk/module_1/module_1_stub.vhd" Line 66: Using initial value "00000000000000000000000000000000" for sadc_datain since it is never assigned

Elaborating entity <module_1> (architecture <>) from library <work>.

Elaborating entity <PWM_Controller> (architecture <behaviour>) from library <work>.
WARNING:HDLCompiler:92 - "C:/Users/rchil/Desktop/Artemis/Software_desarrollado/Zynq/XApp_v1/XApp_v1.srcs/sources_1/imports/Zynq_Intro/PWM_Controller.vhd" Line 33: dutycycle should be on the sensitivity list of the process

Elaborating entity <AdcClk_v7> (architecture <AdcClk_struct>) with generics from library <work>.

Elaborating entity <AdcFrm_v7> (architecture <AdcFrm_struct_v7>) with generics from library <work>.
Note: " Pattern XORed/ORed = 000000"
Note: " Pattern Shifted = 000000000000 Comparator Value A = 0000XXXXXXXX Comparator Value B = 00000000"
Note: " Pattern Bit Swapped = 000000000000 Comparator Value C = 0000XXXXXXXX Comparator Value D = 00000000"
WARNING:HDLCompiler:634 - "C:/Users/rchil/Desktop/Artemis/Software_desarrollado/Zynq/XApp_v1/XApp_v1.srcs/sources_1/edk/module_1/module_1_stub.vhd" Line 86: Net <BitClkReSync> does not have a driver.

=========================================================================
*                           HDL Synthesis                               *
=========================================================================

Synthesizing Unit <module_1_stub>.
    Related source file is "C:/Users/rchil/Desktop/Artemis/Software_desarrollado/Zynq/XApp_v1/XApp_v1.srcs/sources_1/edk/module_1/module_1_stub.vhd".
    Set property "BOX_TYPE = user_black_box" for instance <module_1_i>.
INFO:Xst:3210 - "C:/Users/rchil/Desktop/Artemis/Software_desarrollado/Zynq/XApp_v1/XApp_v1.srcs/sources_1/edk/module_1/module_1_stub.vhd" line 218: Output port <processing_system7_0_FCLK_RESET0_N_pin> of the instance <module_1_i> is unconnected or connected to loadless signal.
INFO:Xst:3210 - "C:/Users/rchil/Desktop/Artemis/Software_desarrollado/Zynq/XApp_v1/XApp_v1.srcs/sources_1/edk/module_1/module_1_stub.vhd" line 292: Output port <BitClkAlignWarn> of the instance <AdcToplevel_I_AdcClk_v7> is unconnected or connected to loadless signal.
INFO:Xst:3210 - "C:/Users/rchil/Desktop/Artemis/Software_desarrollado/Zynq/XApp_v1/XApp_v1.srcs/sources_1/edk/module_1/module_1_stub.vhd" line 292: Output port <BitClkInvrtd> of the instance <AdcToplevel_I_AdcClk_v7> is unconnected or connected to loadless signal.
INFO:Xst:3210 - "C:/Users/rchil/Desktop/Artemis/Software_desarrollado/Zynq/XApp_v1/XApp_v1.srcs/sources_1/edk/module_1/module_1_stub.vhd" line 316: Output port <FrmClkDat> of the instance <AdcToplevel_I_AdcFrm_v7> is unconnected or connected to loadless signal.
INFO:Xst:3210 - "C:/Users/rchil/Desktop/Artemis/Software_desarrollado/Zynq/XApp_v1/XApp_v1.srcs/sources_1/edk/module_1/module_1_stub.vhd" line 316: Output port <FrmClkBitSlip_p> of the instance <AdcToplevel_I_AdcFrm_v7> is unconnected or connected to loadless signal.
INFO:Xst:3210 - "C:/Users/rchil/Desktop/Artemis/Software_desarrollado/Zynq/XApp_v1/XApp_v1.srcs/sources_1/edk/module_1/module_1_stub.vhd" line 316: Output port <FrmClkBitSlip_n> of the instance <AdcToplevel_I_AdcFrm_v7> is unconnected or connected to loadless signal.
INFO:Xst:3210 - "C:/Users/rchil/Desktop/Artemis/Software_desarrollado/Zynq/XApp_v1/XApp_v1.srcs/sources_1/edk/module_1/module_1_stub.vhd" line 316: Output port <FrmClkSwapMux> of the instance <AdcToplevel_I_AdcFrm_v7> is unconnected or connected to loadless signal.
INFO:Xst:3210 - "C:/Users/rchil/Desktop/Artemis/Software_desarrollado/Zynq/XApp_v1/XApp_v1.srcs/sources_1/edk/module_1/module_1_stub.vhd" line 316: Output port <FrmClkMsbRegEna> of the instance <AdcToplevel_I_AdcFrm_v7> is unconnected or connected to loadless signal.
INFO:Xst:3210 - "C:/Users/rchil/Desktop/Artemis/Software_desarrollado/Zynq/XApp_v1/XApp_v1.srcs/sources_1/edk/module_1/module_1_stub.vhd" line 316: Output port <FrmClkLsbRegEna> of the instance <AdcToplevel_I_AdcFrm_v7> is unconnected or connected to loadless signal.
INFO:Xst:3210 - "C:/Users/rchil/Desktop/Artemis/Software_desarrollado/Zynq/XApp_v1/XApp_v1.srcs/sources_1/edk/module_1/module_1_stub.vhd" line 316: Output port <FrmClkOut> of the instance <AdcToplevel_I_AdcFrm_v7> is unconnected or connected to loadless signal.
INFO:Xst:3210 - "C:/Users/rchil/Desktop/Artemis/Software_desarrollado/Zynq/XApp_v1/XApp_v1.srcs/sources_1/edk/module_1/module_1_stub.vhd" line 316: Output port <FrmClkRstOut> of the instance <AdcToplevel_I_AdcFrm_v7> is unconnected or connected to loadless signal.
INFO:Xst:3210 - "C:/Users/rchil/Desktop/Artemis/Software_desarrollado/Zynq/XApp_v1/XApp_v1.srcs/sources_1/edk/module_1/module_1_stub.vhd" line 316: Output port <FrmClkSyncWarn> of the instance <AdcToplevel_I_AdcFrm_v7> is unconnected or connected to loadless signal.
WARNING:Xst:653 - Signal <BitClkReSync> is used but never assigned. This sourceless signal will be automatically connected to value GND.
    Summary:
	no macro.
Unit <module_1_stub> synthesized.

Synthesizing Unit <PWM_Controller>.
    Related source file is "C:/Users/rchil/Desktop/Artemis/Software_desarrollado/Zynq/XApp_v1/XApp_v1.srcs/sources_1/imports/Zynq_Intro/PWM_Controller.vhd".
WARNING:Xst:647 - Input <DutyCycle<31:31>> is never used. This port will be preserved and left unconnected if it belongs to a top-level block or it belongs to a sub-block and the hierarchy of this sub-block is preserved.
    Found 32-bit register for signal <count>.
    Found 32-bit adder for signal <count[31]_GND_39_o_add_0_OUT> created at line 28.
    Found 32-bit comparator greater for signal <count[31]_GND_39_o_LessThan_2_o> created at line 29
    Found 32-bit comparator greater for signal <GND_39_o_count[31]_LessThan_5_o> created at line 33
    Summary:
	inferred   1 Adder/Subtractor(s).
	inferred  32 D-type flip-flop(s).
	inferred   2 Comparator(s).
Unit <PWM_Controller> synthesized.

Synthesizing Unit <AdcClk_v7>.
    Related source file is "C:/Users/rchil/Desktop/Artemis/Software_desarrollado/Zynq/XApp_v1/XApp_v1.srcs/sources_1/new/ADCClk_v7.vhd".
        C_OnChipLvdsTerm = 0
        C_StatTaps = 17
        C_AdcBits = 12
    Found 1-bit register for signal <IntClkCtrlDlyInc>.
    Found 1-bit register for signal <IntproceedCntTc_d>.
    Found 1-bit register for signal <IntProceed>.
    Found 1-bit register for signal <PassedSubState>.
    Found 1-bit register for signal <IntClkCtrlDlyCe>.
    Found 1-bit register for signal <IntClkCtrlDone>.
    Found 1-bit register for signal <IntClkCtrlAlgnWrn>.
    Found 1-bit register for signal <IntClkCtrlInvrtd>.
    Found 1-bit register for signal <IntTurnAroundBit>.
    Found 1-bit register for signal <IntProceedDone>.
    Found 2-bit register for signal <IntCalVal>.
    Found 2-bit register for signal <IntAction>.
    Found 2-bit register for signal <IntCalValReg>.
    Found 4-bit register for signal <State>.
    Found 4-bit register for signal <ReturnState>.
    Found 4-bit register for signal <IntTimeOutCnt>.
    Found 5-bit register for signal <IntNumIncDecIdly>.
    Found 5-bit register for signal <IntStepCnt>.
    Found 3-bit register for signal <IntProceedCnt>.
    Found 3-bit adder for signal <IntProceedCnt[2]_GND_42_o_add_2_OUT> created at line 355.
    Found 4-bit adder for signal <IntTimeOutCnt[3]_GND_42_o_add_11_OUT> created at line 437.
    Found 5-bit adder for signal <IntStepCnt[4]_GND_42_o_add_41_OUT> created at line 499.
    Found 5-bit subtractor for signal <GND_42_o_GND_42_o_sub_44_OUT<4:0>> created at line 526.
    Found 32x4-bit Read Only RAM for signal <n0194>
    Found 2-bit comparator equal for signal <n0053> created at line 461
    Summary:
	inferred   1 RAM(s).
	inferred   4 Adder/Subtractor(s).
	inferred  41 D-type flip-flop(s).
	inferred   1 Comparator(s).
	inferred  34 Multiplexer(s).
Unit <AdcClk_v7> synthesized.

Synthesizing Unit <AdcFrm_v7>.
    Related source file is "C:/Users/rchil/Desktop/Artemis/Software_desarrollado/Zynq/XApp_v1/XApp_v1.srcs/sources_1/new/AdcFrm_v7.vhd".
        C_FAMILY = "7SERIES"
        C_AdcBits = 12
        C_AdcWireInt = 1
        C_OnChipLvdsTerm = 0
        C_FrmPattern = "000000000000"
    Found 1-bit register for signal <IntFrmLsbRegEna_d>.
    Found 1-bit register for signal <IntFrmMsbRegEna_d>.
    Found 1-bit register for signal <IntFrmWarnCntTc_d>.
    Found 1-bit register for signal <IntFrmRegEna_d>.
    Found 3-bit register for signal <IntFrmWarnCnt>.
    Found 6-bit register for signal <IntFrmDat>.
    Found 16-bit register for signal <IntFrmClkDat>.
    Found 1-bit register for signal <IntFrmMsbAllZero_d>.
    Found 1-bit register for signal <IntFrmEqu_d>.
    Found 1-bit register for signal <IntFrmSwapMux_d>.
    Found 1-bit register for signal <IntFrmLsbMsb_d>.
    Found 3-bit register for signal <IntFrmEvntCnt>.
    Found 1-bit register for signal <IntFrmEvntCntTc_d>.
    Found 4-bit register for signal <IntFrmSlipCnt>.
    Found 1-bit register for signal <IntFrmSlipCntTc_d>.
    Found 6-bit register for signal <IntFrmBitSlip>.
    Found 1-bit register for signal <IntFrmClkDone>.
    Found 1-bit register for signal <IntFrmDatSwp_5>.
    Found 1-bit register for signal <IntFrmDatSwp_4>.
    Found 1-bit register for signal <IntFrmDatSwp_3>.
    Found 1-bit register for signal <IntFrmDatSwp_2>.
    Found 1-bit register for signal <IntFrmDatSwp_1>.
    Found 1-bit register for signal <IntFrmDatSwp_0>.
    Found finite state machine <FSM_0> for signal <IntFrmBitSlip>.
    -----------------------------------------------------------------------
    | States             | 8                                              |
    | Transitions        | 32                                             |
    | Inputs             | 4                                              |
    | Outputs            | 5                                              |
    | Clock              | FrmClkDiv (rising_edge)                        |
    | Reset              | IntFrmRstOut (positive)                        |
    | Reset type         | asynchronous                                   |
    | Reset State        | 000000                                         |
    | Encoding           | auto                                           |
    | Implementation     | LUT                                            |
    -----------------------------------------------------------------------
    Found 3-bit adder for signal <IntFrmEvntCnt[2]_GND_65_o_add_15_OUT> created at line 708.
    Found 4-bit adder for signal <IntFrmSlipCnt[3]_GND_65_o_add_19_OUT> created at line 724.
    Found 3-bit adder for signal <IntFrmWarnCnt[2]_GND_65_o_add_23_OUT> created at line 763.
    Found 16x1-bit Read Only RAM for signal <IntFrmEqu_d_GND_65_o_Mux_12_o>
    Found 64x6-bit Read Only RAM for signal <IntFrmEqu_d_PWR_17_o_wide_mux_27_OUT>
    Found 32x2-bit Read Only RAM for signal <_n0201>
    Summary:
	inferred   3 RAM(s).
	inferred   3 Adder/Subtractor(s).
	inferred  55 D-type flip-flop(s).
	inferred  23 Multiplexer(s).
	inferred   1 Finite State Machine(s).
Unit <AdcFrm_v7> synthesized.

=========================================================================
HDL Synthesis Report

Macro Statistics
# RAMs                                                 : 4
 16x1-bit single-port Read Only RAM                    : 1
 32x2-bit single-port Read Only RAM                    : 1
 32x4-bit single-port Read Only RAM                    : 1
 64x6-bit single-port Read Only RAM                    : 1
# Adders/Subtractors                                   : 8
 3-bit adder                                           : 3
 32-bit adder                                          : 1
 4-bit adder                                           : 2
 5-bit adder                                           : 1
 5-bit subtractor                                      : 1
# Registers                                            : 43
 1-bit register                                        : 27
 16-bit register                                       : 1
 2-bit register                                        : 3
 3-bit register                                        : 3
 32-bit register                                       : 1
 4-bit register                                        : 4
 5-bit register                                        : 2
 6-bit register                                        : 2
# Comparators                                          : 3
 2-bit comparator equal                                : 1
 32-bit comparator greater                             : 2
# Multiplexers                                         : 57
 1-bit 2-to-1 multiplexer                              : 28
 2-bit 2-to-1 multiplexer                              : 3
 3-bit 2-to-1 multiplexer                              : 1
 4-bit 2-to-1 multiplexer                              : 21
 5-bit 2-to-1 multiplexer                              : 4
# FSMs                                                 : 1

=========================================================================

=========================================================================
*                       Advanced HDL Synthesis                          *
=========================================================================

Reading core <..\..\XApp_v1.srcs\sources_1\edk\module_1\implementation/module_1.ngc>.
Reading core <..\..\XApp_v1.srcs\sources_1\edk\module_1\implementation/module_1_axi_gpio_0_wrapper.ngc>.
Reading core <..\..\XApp_v1.srcs\sources_1\edk\module_1\implementation/module_1_processing_system7_0_wrapper.ngc>.
Reading core <..\..\XApp_v1.srcs\sources_1\edk\module_1\implementation/module_1_axi_interconnect_1_wrapper.ngc>.
Loading core <module_1_axi_gpio_0_wrapper> for timing and area information for instance <axi_gpio_0>.
Loading core <module_1_processing_system7_0_wrapper> for timing and area information for instance <processing_system7_0>.
Loading core <module_1_axi_interconnect_1_wrapper> for timing and area information for instance <axi_interconnect_1>.
Loading core <module_1> for timing and area information for instance <module_1_i>.

Synthesizing (advanced) Unit <AdcClk_v7>.
The following registers are absorbed into counter <IntStepCnt>: 1 register on signal <IntStepCnt>.
The following registers are absorbed into counter <IntProceedCnt>: 1 register on signal <IntProceedCnt>.
INFO:Xst:3218 - HDL ADVISOR - The RAM <Mram_n0194> will be implemented on LUTs either because you have described an asynchronous read or because of currently unsupported block RAM features. If you have described an asynchronous read, making it synchronous would allow you to take advantage of available block RAM resources, for optimized device usage and improved timings. Please refer to your documentation for coding guidelines.
    -----------------------------------------------------------------------
    | ram_type           | Distributed                         |          |
    -----------------------------------------------------------------------
    | Port A                                                              |
    |     aspect ratio   | 32-word x 4-bit                     |          |
    |     weA            | connected to signal <GND>           | high     |
    |     addrA          | connected to signal <(IntAction,IntCalVal,IntProceed)> |          |
    |     diA            | connected to signal <GND>           |          |
    |     doA            | connected to internal node          |          |
    -----------------------------------------------------------------------
Unit <AdcClk_v7> synthesized (advanced).

Synthesizing (advanced) Unit <AdcFrm_v7>.
The following registers are absorbed into counter <IntFrmWarnCnt>: 1 register on signal <IntFrmWarnCnt>.
The following registers are absorbed into counter <IntFrmEvntCnt>: 1 register on signal <IntFrmEvntCnt>.
The following registers are absorbed into counter <IntFrmSlipCnt>: 1 register on signal <IntFrmSlipCnt>.
INFO:Xst:3217 - HDL ADVISOR - Register <fsmfake1> currently described with an asynchronous reset, could be combined with distributed RAM <Mram_IntFrmEqu_d_PWR_17_o_wide_mux_27_OUT> for implementation on block RAM resources if you made this reset synchronous instead.
    -----------------------------------------------------------------------
    | ram_type           | Distributed                         |          |
    -----------------------------------------------------------------------
    | Port A                                                              |
    |     aspect ratio   | 64-word x 6-bit                     |          |
    |     weA            | connected to signal <GND>           | high     |
    |     addrA          | connected to signal <(IntFrmEqu_d,IntFrmEvntCntTc_d,IntFrmBitSlip)> |          |
    |     diA            | connected to signal <GND>           |          |
    |     doA            | connected to internal node          |          |
    -----------------------------------------------------------------------
INFO:Xst:3217 - HDL ADVISOR - Register <IntFrmRegEna_d> currently described with an asynchronous reset, could be combined with distributed RAM <Mram_IntFrmEqu_d_GND_65_o_Mux_12_o> for implementation on block RAM resources if you made this reset synchronous instead.
    -----------------------------------------------------------------------
    | ram_type           | Distributed                         |          |
    -----------------------------------------------------------------------
    | Port A                                                              |
    |     aspect ratio   | 16-word x 1-bit                     |          |
    |     weA            | connected to signal <GND>           | high     |
    |     addrA          | connected to signal <(IntFrmEqu_d,IntFrmRegEna_d,IntFrmMsbRegEna_d,IntFrmLsbRegEna_d)> |          |
    |     diA            | connected to signal <GND>           |          |
    |     doA            | connected to internal node          |          |
    -----------------------------------------------------------------------
INFO:Xst:3218 - HDL ADVISOR - The RAM <Mram__n0201> will be implemented on LUTs either because you have described an asynchronous read or because of currently unsupported block RAM features. If you have described an asynchronous read, making it synchronous would allow you to take advantage of available block RAM resources, for optimized device usage and improved timings. Please refer to your documentation for coding guidelines.
    -----------------------------------------------------------------------
    | ram_type           | Distributed                         |          |
    -----------------------------------------------------------------------
    | Port A                                                              |
    |     aspect ratio   | 32-word x 2-bit                     |          |
    |     weA            | connected to signal <GND>           | high     |
    |     addrA          | connected to signal <(IntFrmLsbMsb_d,IntFrmEqu_d,IntFrmRegEna_d,IntFrmMsbRegEna_d,IntFrmLsbRegEna_d)> |          |
    |     diA            | connected to signal <GND>           |          |
    |     doA            | connected to internal node          |          |
    -----------------------------------------------------------------------
Unit <AdcFrm_v7> synthesized (advanced).

Synthesizing (advanced) Unit <PWM_Controller>.
The following registers are absorbed into counter <count>: 1 register on signal <count>.
Unit <PWM_Controller> synthesized (advanced).
WARNING:Xst:2677 - Node <fsmfake1_0> of sequential type is unconnected in block <AdcFrm_v7>.
WARNING:Xst:2677 - Node <fsmfake1_1> of sequential type is unconnected in block <AdcFrm_v7>.
WARNING:Xst:2677 - Node <fsmfake1_2> of sequential type is unconnected in block <AdcFrm_v7>.
WARNING:Xst:2677 - Node <fsmfake1_3> of sequential type is unconnected in block <AdcFrm_v7>.
WARNING:Xst:2677 - Node <fsmfake1_5> of sequential type is unconnected in block <AdcFrm_v7>.

=========================================================================
Advanced HDL Synthesis Report

Macro Statistics
# RAMs                                                 : 4
 16x1-bit single-port distributed Read Only RAM        : 1
 32x2-bit single-port distributed Read Only RAM        : 1
 32x4-bit single-port distributed Read Only RAM        : 1
 64x6-bit single-port distributed Read Only RAM        : 1
# Adders/Subtractors                                   : 3
 32-bit adder                                          : 1
 4-bit adder                                           : 1
 5-bit subtractor                                      : 1
# Counters                                             : 6
 3-bit up counter                                      : 3
 32-bit up counter                                     : 1
 4-bit up counter                                      : 1
 5-bit up counter                                      : 1
# Registers                                            : 80
 Flip-Flops                                            : 80
# Comparators                                          : 3
 2-bit comparator equal                                : 1
 32-bit comparator greater                             : 2
# Multiplexers                                         : 57
 1-bit 2-to-1 multiplexer                              : 28
 2-bit 2-to-1 multiplexer                              : 3
 3-bit 2-to-1 multiplexer                              : 1
 4-bit 2-to-1 multiplexer                              : 21
 5-bit 2-to-1 multiplexer                              : 4
# FSMs                                                 : 1

=========================================================================

=========================================================================
*                         Low Level Synthesis                           *
=========================================================================
Analyzing FSM <MFsm> for best encoding.
Optimizing FSM <AdcToplevel_I_AdcFrm_v7/FSM_0> on signal <IntFrmBitSlip[1:3]> with sequential encoding.
--------------------
 State  | Encoding
--------------------
 000000 | 000
 000100 | 001
 001000 | 010
 110000 | 011
 000101 | 100
 001010 | 101
 100101 | 110
 101010 | 111
--------------------
WARNING:Xst:1710 - FF/Latch <IntFrmSwapMux_d> (without init value) has a constant value of 0 in block <AdcFrm_v7>. This FF/Latch will be trimmed during the optimization process.
WARNING:Xst:1710 - FF/Latch <IntFrmClkDat_12> (without init value) has a constant value of 0 in block <AdcFrm_v7>. This FF/Latch will be trimmed during the optimization process.
WARNING:Xst:1710 - FF/Latch <IntFrmClkDat_13> (without init value) has a constant value of 0 in block <AdcFrm_v7>. This FF/Latch will be trimmed during the optimization process.
WARNING:Xst:1710 - FF/Latch <IntFrmClkDat_14> (without init value) has a constant value of 0 in block <AdcFrm_v7>. This FF/Latch will be trimmed during the optimization process.
WARNING:Xst:1710 - FF/Latch <IntFrmClkDat_15> (without init value) has a constant value of 0 in block <AdcFrm_v7>. This FF/Latch will be trimmed during the optimization process.
WARNING:Xst:1710 - FF/Latch <ReturnState_0> (without init value) has a constant value of 0 in block <AdcClk_v7>. This FF/Latch will be trimmed during the optimization process.
INFO:Xst:1901 - Instance BUFMR_inst in unit AdcClk_v7 of type BUFMR has been replaced by BUFMRCE
INFO:Xst:2261 - The FF/Latch <ReturnState_2> in Unit <AdcClk_v7> is equivalent to the following FF/Latch, which will be removed : <ReturnState_3> 

WARNING:Xst:528 - Multi-source in Unit <processing_system7_0> on signal <PS_SRSTB>; this signal is connected to multiple drivers.
Drivers are: 
   Primary input port <processing_system7_0_PS_SRSTB_pin>
   Output port PS7:PSSRSTB of instance <module_1_i/processing_system7_0/processing_system7_0/PS7_i>

WARNING:Xst:528 - Multi-source in Unit <processing_system7_0> on signal <PS_CLK>; this signal is connected to multiple drivers.
Drivers are: 
   Primary input port <processing_system7_0_PS_CLK_pin>
   Output port PS7:PSCLK of instance <module_1_i/processing_system7_0/processing_system7_0/PS7_i>

WARNING:Xst:528 - Multi-source in Unit <processing_system7_0> on signal <PS_PORB>; this signal is connected to multiple drivers.
Drivers are: 
   Primary input port <processing_system7_0_PS_PORB_pin>
   Output port PS7:PSPORB of instance <module_1_i/processing_system7_0/processing_system7_0/PS7_i>

Optimizing unit <module_1_stub> ...

Optimizing unit <AdcFrm_v7> ...

Optimizing unit <AdcClk_v7> ...
WARNING:Xst:2677 - Node <AdcToplevel_I_AdcFrm_v7/IntFrmWarnCnt_2> of sequential type is unconnected in block <module_1_stub>.
WARNING:Xst:2677 - Node <AdcToplevel_I_AdcFrm_v7/IntFrmWarnCnt_1> of sequential type is unconnected in block <module_1_stub>.
WARNING:Xst:2677 - Node <AdcToplevel_I_AdcFrm_v7/IntFrmWarnCnt_0> of sequential type is unconnected in block <module_1_stub>.
WARNING:Xst:2677 - Node <AdcToplevel_I_AdcFrm_v7/IntFrmClkDat_11> of sequential type is unconnected in block <module_1_stub>.
WARNING:Xst:2677 - Node <AdcToplevel_I_AdcFrm_v7/IntFrmClkDat_10> of sequential type is unconnected in block <module_1_stub>.
WARNING:Xst:2677 - Node <AdcToplevel_I_AdcFrm_v7/IntFrmClkDat_9> of sequential type is unconnected in block <module_1_stub>.
WARNING:Xst:2677 - Node <AdcToplevel_I_AdcFrm_v7/IntFrmClkDat_8> of sequential type is unconnected in block <module_1_stub>.
WARNING:Xst:2677 - Node <AdcToplevel_I_AdcFrm_v7/IntFrmClkDat_7> of sequential type is unconnected in block <module_1_stub>.
WARNING:Xst:2677 - Node <AdcToplevel_I_AdcFrm_v7/IntFrmClkDat_6> of sequential type is unconnected in block <module_1_stub>.
WARNING:Xst:2677 - Node <AdcToplevel_I_AdcFrm_v7/IntFrmClkDat_5> of sequential type is unconnected in block <module_1_stub>.
WARNING:Xst:2677 - Node <AdcToplevel_I_AdcFrm_v7/IntFrmClkDat_4> of sequential type is unconnected in block <module_1_stub>.
WARNING:Xst:2677 - Node <AdcToplevel_I_AdcFrm_v7/IntFrmClkDat_3> of sequential type is unconnected in block <module_1_stub>.
WARNING:Xst:2677 - Node <AdcToplevel_I_AdcFrm_v7/IntFrmClkDat_2> of sequential type is unconnected in block <module_1_stub>.
WARNING:Xst:2677 - Node <AdcToplevel_I_AdcFrm_v7/IntFrmClkDat_1> of sequential type is unconnected in block <module_1_stub>.
WARNING:Xst:2677 - Node <AdcToplevel_I_AdcFrm_v7/IntFrmClkDat_0> of sequential type is unconnected in block <module_1_stub>.
WARNING:Xst:2677 - Node <AdcToplevel_I_AdcFrm_v7/IntFrmLsbRegEna_d> of sequential type is unconnected in block <module_1_stub>.
WARNING:Xst:2677 - Node <AdcToplevel_I_AdcFrm_v7/IntFrmDatSwp_0> of sequential type is unconnected in block <module_1_stub>.
WARNING:Xst:2677 - Node <AdcToplevel_I_AdcFrm_v7/IntFrmDatSwp_1> of sequential type is unconnected in block <module_1_stub>.
WARNING:Xst:2677 - Node <AdcToplevel_I_AdcFrm_v7/IntFrmDatSwp_2> of sequential type is unconnected in block <module_1_stub>.
WARNING:Xst:2677 - Node <AdcToplevel_I_AdcFrm_v7/IntFrmDatSwp_3> of sequential type is unconnected in block <module_1_stub>.
WARNING:Xst:2677 - Node <AdcToplevel_I_AdcFrm_v7/IntFrmDatSwp_4> of sequential type is unconnected in block <module_1_stub>.
WARNING:Xst:2677 - Node <AdcToplevel_I_AdcFrm_v7/IntFrmDatSwp_5> of sequential type is unconnected in block <module_1_stub>.
WARNING:Xst:2677 - Node <AdcToplevel_I_AdcFrm_v7/IntFrmRegEna_d> of sequential type is unconnected in block <module_1_stub>.
WARNING:Xst:2677 - Node <AdcToplevel_I_AdcFrm_v7/IntFrmDat_5> of sequential type is unconnected in block <module_1_stub>.
WARNING:Xst:2677 - Node <AdcToplevel_I_AdcFrm_v7/IntFrmDat_4> of sequential type is unconnected in block <module_1_stub>.
WARNING:Xst:2677 - Node <AdcToplevel_I_AdcFrm_v7/IntFrmDat_3> of sequential type is unconnected in block <module_1_stub>.
WARNING:Xst:2677 - Node <AdcToplevel_I_AdcFrm_v7/IntFrmDat_2> of sequential type is unconnected in block <module_1_stub>.
WARNING:Xst:2677 - Node <AdcToplevel_I_AdcFrm_v7/IntFrmDat_1> of sequential type is unconnected in block <module_1_stub>.
WARNING:Xst:2677 - Node <AdcToplevel_I_AdcFrm_v7/IntFrmDat_0> of sequential type is unconnected in block <module_1_stub>.
WARNING:Xst:2677 - Node <AdcToplevel_I_AdcFrm_v7/IntFrmMsbRegEna_d> of sequential type is unconnected in block <module_1_stub>.
WARNING:Xst:2677 - Node <AdcToplevel_I_AdcFrm_v7/IntFrmWarnCntTc_d> of sequential type is unconnected in block <module_1_stub>.
WARNING:Xst:2677 - Node <AdcToplevel_I_AdcFrm_v7/IntFrmLsbMsb_d> of sequential type is unconnected in block <module_1_stub>.
WARNING:Xst:2677 - Node <AdcToplevel_I_AdcFrm_v7/IntFrmMsbAllZero_d> of sequential type is unconnected in block <module_1_stub>.
WARNING:Xst:2677 - Node <AdcToplevel_I_AdcClk_v7/IntClkCtrlInvrtd> of sequential type is unconnected in block <module_1_stub>.
WARNING:Xst:2677 - Node <AdcToplevel_I_AdcClk_v7/IntClkCtrlAlgnWrn> of sequential type is unconnected in block <module_1_stub>.
WARNING:Xst:1293 - FF/Latch <PWM/count_20> has a constant value of 0 in block <module_1_stub>. This FF/Latch will be trimmed during the optimization process.
WARNING:Xst:1293 - FF/Latch <PWM/count_21> has a constant value of 0 in block <module_1_stub>. This FF/Latch will be trimmed during the optimization process.
WARNING:Xst:1293 - FF/Latch <PWM/count_22> has a constant value of 0 in block <module_1_stub>. This FF/Latch will be trimmed during the optimization process.
WARNING:Xst:1293 - FF/Latch <PWM/count_23> has a constant value of 0 in block <module_1_stub>. This FF/Latch will be trimmed during the optimization process.
WARNING:Xst:1293 - FF/Latch <PWM/count_24> has a constant value of 0 in block <module_1_stub>. This FF/Latch will be trimmed during the optimization process.
WARNING:Xst:1293 - FF/Latch <PWM/count_25> has a constant value of 0 in block <module_1_stub>. This FF/Latch will be trimmed during the optimization process.
WARNING:Xst:1293 - FF/Latch <PWM/count_26> has a constant value of 0 in block <module_1_stub>. This FF/Latch will be trimmed during the optimization process.
WARNING:Xst:1293 - FF/Latch <PWM/count_27> has a constant value of 0 in block <module_1_stub>. This FF/Latch will be trimmed during the optimization process.
WARNING:Xst:1293 - FF/Latch <PWM/count_28> has a constant value of 0 in block <module_1_stub>. This FF/Latch will be trimmed during the optimization process.
WARNING:Xst:1293 - FF/Latch <PWM/count_29> has a constant value of 0 in block <module_1_stub>. This FF/Latch will be trimmed during the optimization process.
WARNING:Xst:1293 - FF/Latch <PWM/count_30> has a constant value of 0 in block <module_1_stub>. This FF/Latch will be trimmed during the optimization process.
WARNING:Xst:1293 - FF/Latch <PWM/count_31> has a constant value of 0 in block <module_1_stub>. This FF/Latch will be trimmed during the optimization process.

Mapping all equations...
Building and optimizing final netlist ...
Found area constraint ratio of 100 (+ 0) on block module_1_stub, actual ratio is 0.
INFO:Xst:2260 - The FF/Latch <axi_gpio_0/AXI_LITE_IPIF_I/I_SLAVE_ATTACHMENT/I_DECODER/cs_out_i_0> in Unit <axi_gpio_0> is equivalent to the following FF/Latch : <axi_gpio_0/AXI_LITE_IPIF_I/I_SLAVE_ATTACHMENT/I_DECODER/cs_out_i_0_1> 
INFO:Xst:2260 - The FF/Latch <axi_interconnect_1/crossbar_samd/gen_sasd.crossbar_sasd_0/m_atarget_enc_0> in Unit <axi_interconnect_1> is equivalent to the following FF/Latch : <axi_interconnect_1/crossbar_samd/gen_sasd.crossbar_sasd_0/m_atarget_enc_0_1> 
INFO:Xst:2260 - The FF/Latch <axi_interconnect_1/crossbar_samd/gen_sasd.crossbar_sasd_0/gen_crossbar.addr_arbiter_inst/grant_rnw> in Unit <axi_interconnect_1> is equivalent to the following FF/Latch : <axi_interconnect_1/crossbar_samd/gen_sasd.crossbar_sasd_0/gen_crossbar.addr_arbiter_inst/grant_rnw_1> 
INFO:Xst:2260 - The FF/Latch <axi_gpio_0/AXI_LITE_IPIF_I/I_SLAVE_ATTACHMENT/I_DECODER/cs_out_i_0> in Unit <axi_gpio_0> is equivalent to the following FF/Latch : <axi_gpio_0/AXI_LITE_IPIF_I/I_SLAVE_ATTACHMENT/I_DECODER/cs_out_i_0_1> 
INFO:Xst:2260 - The FF/Latch <axi_interconnect_1/crossbar_samd/gen_sasd.crossbar_sasd_0/m_atarget_enc_0> in Unit <axi_interconnect_1> is equivalent to the following FF/Latch : <axi_interconnect_1/crossbar_samd/gen_sasd.crossbar_sasd_0/m_atarget_enc_0_1> 
INFO:Xst:2260 - The FF/Latch <axi_interconnect_1/crossbar_samd/gen_sasd.crossbar_sasd_0/gen_crossbar.addr_arbiter_inst/grant_rnw> in Unit <axi_interconnect_1> is equivalent to the following FF/Latch : <axi_interconnect_1/crossbar_samd/gen_sasd.crossbar_sasd_0/gen_crossbar.addr_arbiter_inst/grant_rnw_1> 
INFO:Xst:2260 - The FF/Latch <axi_gpio_0/AXI_LITE_IPIF_I/I_SLAVE_ATTACHMENT/I_DECODER/cs_out_i_0> in Unit <axi_gpio_0> is equivalent to the following FF/Latch : <axi_gpio_0/AXI_LITE_IPIF_I/I_SLAVE_ATTACHMENT/I_DECODER/cs_out_i_0_1> 
INFO:Xst:2260 - The FF/Latch <axi_interconnect_1/crossbar_samd/gen_sasd.crossbar_sasd_0/m_atarget_enc_0> in Unit <axi_interconnect_1> is equivalent to the following FF/Latch : <axi_interconnect_1/crossbar_samd/gen_sasd.crossbar_sasd_0/m_atarget_enc_0_1> 
INFO:Xst:2260 - The FF/Latch <axi_interconnect_1/crossbar_samd/gen_sasd.crossbar_sasd_0/gen_crossbar.addr_arbiter_inst/grant_rnw> in Unit <axi_interconnect_1> is equivalent to the following FF/Latch : <axi_interconnect_1/crossbar_samd/gen_sasd.crossbar_sasd_0/gen_crossbar.addr_arbiter_inst/grant_rnw_1> 

Final Macro Processing ...

=========================================================================
Final Register Report

Macro Statistics
# Registers                                            : 79
 Flip-Flops                                            : 79

=========================================================================

=========================================================================
*                           Partition Report                            *
=========================================================================

Partition Implementation Status
-------------------------------

  No Partitions were found in this design.

-------------------------------

=========================================================================
*                            Design Summary                             *
=========================================================================

Clock Information:
------------------
---------------------------------------------------------------------------+--------------------------+-------+
Clock Signal                                                               | Clock buffer(FF name)    | Load  |
---------------------------------------------------------------------------+--------------------------+-------+
module_1_i/processing_system7_0/processing_system7_0/FCLK_CLK_unbuffered<0>| BUFG                     | 542   |
AdcToplevel_I_AdcClk_v7/Madd_count[31]_GND_39_o_add_0_OUT_cy<20>           | ISERDESE2+BUFMRCE+BUFR   | 60    |
FCLK<0>                                                                    | IBUFDS_DIFF_OUT+ISERDESE2| 1     |
---------------------------------------------------------------------------+--------------------------+-------+

Asynchronous Control Signals Information:
----------------------------------------
---------------------------------------------------------------------------------------------------+-----------------------------------------------------------+-------+
Control Signal                                                                                     | Buffer(FF name)                                           | Load  |
---------------------------------------------------------------------------------------------------+-----------------------------------------------------------+-------+
AdcToplevel_I_AdcFrm_v7/Madd_count[31]_GND_39_o_add_0_OUT_cy<20>(AdcToplevel_I_AdcFrm_v7/XST_GND:G)| NONE(AdcToplevel_I_AdcFrm_v7/Gen_Bufr_Div_3.AdcFrm_I_Bufr)| 3     |
AdcToplevel_I_AdcClk_v7/Madd_count[31]_GND_39_o_add_0_OUT_cy<20>(AdcToplevel_I_AdcClk_v7/XST_GND:G)| NONE(AdcToplevel_I_AdcClk_v7/Gen_Bufr_Div_3.AdcClk_I_Bufr)| 1     |
AdcToplevel_I_AdcClk_v7/SData_OBUF(AdcToplevel_I_AdcClk_v7/XST_VCC:P)                              | NONE(AdcToplevel_I_AdcClk_v7/Gen_Bufr_Div_3.AdcClk_I_Bufr)| 1     |
AdcToplevel_I_AdcFrm_v7/SData_OBUF(AdcToplevel_I_AdcFrm_v7/XST_VCC:P)                              | NONE(AdcToplevel_I_AdcFrm_v7/Gen_Bufr_Div_3.AdcFrm_I_Bufr)| 1     |
---------------------------------------------------------------------------------------------------+-----------------------------------------------------------+-------+

Timing Summary:
---------------
Speed Grade: -1

   Minimum period: 3.868ns (Maximum Frequency: 258.532MHz)
   Minimum input arrival time before clock: 2.172ns
   Maximum output required time after clock: 2.574ns
   Maximum combinational path delay: 1.026ns

=========================================================================
