Flow report for QUSBEVB_REVA_EP2C20_Template
Wed Jun 06 12:02:16 2012
Quartus II 32-bit Version 11.1 Build 173 11/01/2011 SJ Web Edition


---------------------
; Table of Contents ;
---------------------
  1. Legal Notice
  2. Flow Summary
  3. Flow Settings
  4. Flow Non-Default Global Settings
  5. Flow Elapsed Time
  6. Flow OS Summary
  7. Flow Log



----------------
; Legal Notice ;
----------------
Copyright (C) 1991-2011 Altera Corporation
Your use of Altera Corporation's design tools, logic functions 
and other software and tools, and its AMPP partner logic 
functions, and any output files from any of the foregoing 
(including device programming or simulation files), and any 
associated documentation or information are expressly subject 
to the terms and conditions of the Altera Program License 
Subscription Agreement, Altera MegaCore Function License 
Agreement, or other applicable license agreement, including, 
without limitation, that your use is for the sole purpose of 
programming logic devices manufactured by Altera and sold by 
Altera or its authorized distributors.  Please refer to the 
applicable agreement for further details.



+-------------------------------------------------------------------------------+
; Flow Summary                                                                  ;
+------------------------------------+------------------------------------------+
; Flow Status                        ; Successful - Wed Jun 06 12:02:16 2012    ;
; Quartus II 32-bit Version          ; 11.1 Build 173 11/01/2011 SJ Web Edition ;
; Revision Name                      ; QUSBEVB_REVA_EP2C20_Template             ;
; Top-level Entity Name              ; Template                                 ;
; Family                             ; Cyclone II                               ;
; Device                             ; EP2C20F256C7                             ;
; Timing Models                      ; Final                                    ;
; Total logic elements               ; 32 / 18,752 ( < 1 % )                    ;
;     Total combinational functions  ; 26 / 18,752 ( < 1 % )                    ;
;     Dedicated logic registers      ; 18 / 18,752 ( < 1 % )                    ;
; Total registers                    ; 18                                       ;
; Total pins                         ; 8 / 152 ( 5 % )                          ;
; Total virtual pins                 ; 0                                        ;
; Total memory bits                  ; 0 / 239,616 ( 0 % )                      ;
; Embedded Multiplier 9-bit elements ; 0 / 52 ( 0 % )                           ;
; Total PLLs                         ; 1 / 2 ( 50 % )                           ;
+------------------------------------+------------------------------------------+


+--------------------------------------------------+
; Flow Settings                                    ;
+-------------------+------------------------------+
; Option            ; Setting                      ;
+-------------------+------------------------------+
; Start date & time ; 06/06/2012 12:01:51          ;
; Main task         ; Compilation                  ;
; Revision Name     ; QUSBEVB_REVA_EP2C20_Template ;
+-------------------+------------------------------+


+---------------------------------------------------------------------------------------------------------------------------------------------------------+
; Flow Non-Default Global Settings                                                                                                                        ;
+---------------------------------------------------+---------------------------------------+------------------------------+-------------+----------------+
; Assignment Name                                   ; Value                                 ; Default Value                ; Entity Name ; Section Id     ;
+---------------------------------------------------+---------------------------------------+------------------------------+-------------+----------------+
; ADV_NETLIST_OPT_SYNTH_GATE_RETIME                 ; On                                    ; Off                          ; --          ; --             ;
; COMPILER_SIGNATURE_ID                             ; 86473290287.133897691001632           ; --                           ; --          ; --             ;
; EDA_OUTPUT_DATA_FORMAT                            ; Vhdl                                  ; --                           ; --          ; eda_simulation ;
; EDA_SIMULATION_TOOL                               ; ModelSim-Altera (VHDL)                ; <None>                       ; --          ; --             ;
; IP_TOOL_NAME                                      ; FIFO                                  ; --                           ; --          ; --             ;
; IP_TOOL_VERSION                                   ; 11.1                                  ; --                           ; --          ; --             ;
; MAX_CORE_JUNCTION_TEMP                            ; 85                                    ; --                           ; --          ; --             ;
; MIN_CORE_JUNCTION_TEMP                            ; 0                                     ; --                           ; --          ; --             ;
; MISC_FILE                                         ; fifo0.bsf                             ; --                           ; --          ; --             ;
; MISC_FILE                                         ; fifo0.cmp                             ; --                           ; --          ; --             ;
; PARTITION_COLOR                                   ; 16764057                              ; --                           ; Template    ; Top            ;
; PARTITION_FITTER_PRESERVATION_LEVEL               ; PLACEMENT_AND_ROUTING                 ; --                           ; Template    ; Top            ;
; PARTITION_NETLIST_TYPE                            ; SOURCE                                ; --                           ; Template    ; Top            ;
; PHYSICAL_SYNTHESIS_ASYNCHRONOUS_SIGNAL_PIPELINING ; On                                    ; Off                          ; --          ; --             ;
; PHYSICAL_SYNTHESIS_COMBO_LOGIC                    ; On                                    ; Off                          ; --          ; --             ;
; PHYSICAL_SYNTHESIS_REGISTER_DUPLICATION           ; On                                    ; Off                          ; --          ; --             ;
; PHYSICAL_SYNTHESIS_REGISTER_RETIMING              ; On                                    ; Off                          ; --          ; --             ;
; POWER_BOARD_THERMAL_MODEL                         ; None (CONSERVATIVE)                   ; --                           ; --          ; --             ;
; POWER_PRESET_COOLING_SOLUTION                     ; 23 MM HEAT SINK WITH 200 LFPM AIRFLOW ; --                           ; --          ; --             ;
; SMART_RECOMPILE                                   ; On                                    ; Off                          ; --          ; --             ;
; TOP_LEVEL_ENTITY                                  ; Template                              ; QUSBEVB_REVA_EP2C20_Template ; --          ; --             ;
+---------------------------------------------------+---------------------------------------+------------------------------+-------------+----------------+


+-------------------------------------------------------------------------------------------------------------------------------+
; Flow Elapsed Time                                                                                                             ;
+---------------------------+--------------+-------------------------+---------------------+------------------------------------+
; Module Name               ; Elapsed Time ; Average Processors Used ; Peak Virtual Memory ; Total CPU Time (on all processors) ;
+---------------------------+--------------+-------------------------+---------------------+------------------------------------+
; Analysis & Synthesis      ; 00:00:05     ; 1.0                     ; 283 MB              ; 00:00:05                           ;
; Fitter                    ; 00:00:11     ; 1.0                     ; 321 MB              ; 00:00:10                           ;
; Assembler                 ; 00:00:04     ; 1.0                     ; 260 MB              ; 00:00:04                           ;
; TimeQuest Timing Analyzer ; 00:00:04     ; 1.0                     ; 232 MB              ; 00:00:03                           ;
; EDA Netlist Writer        ; 00:00:01     ; 1.0                     ; 207 MB              ; 00:00:01                           ;
; Total                     ; 00:00:25     ; --                      ; --                  ; 00:00:23                           ;
+---------------------------+--------------+-------------------------+---------------------+------------------------------------+


+-----------------------------------------------------------------------------------------+
; Flow OS Summary                                                                         ;
+---------------------------+------------------+------------+------------+----------------+
; Module Name               ; Machine Hostname ; OS Name    ; OS Version ; Processor type ;
+---------------------------+------------------+------------+------------+----------------+
; Analysis & Synthesis      ; lab              ; Windows XP ; 5.1        ; i1586          ;
; Fitter                    ; lab              ; Windows XP ; 5.1        ; i1586          ;
; Assembler                 ; lab              ; Windows XP ; 5.1        ; i1586          ;
; TimeQuest Timing Analyzer ; lab              ; Windows XP ; 5.1        ; i1586          ;
; EDA Netlist Writer        ; lab              ; Windows XP ; 5.1        ; i1586          ;
+---------------------------+------------------+------------+------------+----------------+


------------
; Flow Log ;
------------
quartus_map --read_settings_files=on --write_settings_files=off CSN_fpga_detect_pico -c QUSBEVB_REVA_EP2C20_Template
quartus_fit --read_settings_files=off --write_settings_files=off CSN_fpga_detect_pico -c QUSBEVB_REVA_EP2C20_Template
quartus_asm --read_settings_files=off --write_settings_files=off CSN_fpga_detect_pico -c QUSBEVB_REVA_EP2C20_Template
quartus_sta CSN_fpga_detect_pico -c QUSBEVB_REVA_EP2C20_Template
quartus_eda --read_settings_files=off --write_settings_files=off CSN_fpga_detect_pico -c QUSBEVB_REVA_EP2C20_Template



