Assembler report for QUSBEVB_REVA_EP2C20_Template
Wed Jun 06 12:02:13 2012
Quartus II 32-bit Version 11.1 Build 173 11/01/2011 SJ Web Edition


---------------------
; Table of Contents ;
---------------------
  1. Legal Notice
  2. Assembler Summary
  3. Assembler Settings
  4. Assembler Generated Files
  5. Assembler Device Options: C:/Documents and Settings/rchil/Escritorio/Software_desarrollado/CSN_FPGA_placa_detect_pico/QUSBEVB_REVA_EP2C20_Template.sof
  6. Assembler Device Options: C:/Documents and Settings/rchil/Escritorio/Software_desarrollado/CSN_FPGA_placa_detect_pico/QUSBEVB_REVA_EP2C20_Template.pof
  7. Assembler Device Options: C:/Documents and Settings/rchil/Escritorio/Software_desarrollado/CSN_FPGA_placa_detect_pico/QUSBEVB_REVA_EP2C20_Template.rbf
  8. Assembler Messages



----------------
; Legal Notice ;
----------------
Copyright (C) 1991-2011 Altera Corporation
Your use of Altera Corporation's design tools, logic functions 
and other software and tools, and its AMPP partner logic 
functions, and any output files from any of the foregoing 
(including device programming or simulation files), and any 
associated documentation or information are expressly subject 
to the terms and conditions of the Altera Program License 
Subscription Agreement, Altera MegaCore Function License 
Agreement, or other applicable license agreement, including, 
without limitation, that your use is for the sole purpose of 
programming logic devices manufactured by Altera and sold by 
Altera or its authorized distributors.  Please refer to the 
applicable agreement for further details.



+---------------------------------------------------------------+
; Assembler Summary                                             ;
+-----------------------+---------------------------------------+
; Assembler Status      ; Successful - Wed Jun 06 12:02:13 2012 ;
; Revision Name         ; QUSBEVB_REVA_EP2C20_Template          ;
; Top-level Entity Name ; Template                              ;
; Family                ; Cyclone II                            ;
; Device                ; EP2C20F256C7                          ;
+-----------------------+---------------------------------------+


+--------------------------------------------------------------------------------------------------------+
; Assembler Settings                                                                                     ;
+-----------------------------------------------------------------------------+----------+---------------+
; Option                                                                      ; Setting  ; Default Value ;
+-----------------------------------------------------------------------------+----------+---------------+
; Use smart compilation                                                       ; On       ; Off           ;
; Generate Raw Binary File (.rbf) For Target Device                           ; On       ; Off           ;
; Auto-restart configuration after error                                      ; Off      ; On            ;
; Enable parallel Assembler and TimeQuest Timing Analyzer during compilation  ; On       ; On            ;
; Enable compact report table                                                 ; Off      ; Off           ;
; Generate compressed bitstreams                                              ; On       ; On            ;
; Compression mode                                                            ; Off      ; Off           ;
; Clock source for configuration device                                       ; Internal ; Internal      ;
; Clock frequency of the configuration device                                 ; 10 MHZ   ; 10 MHz        ;
; Divide clock frequency by                                                   ; 1        ; 1             ;
; Auto user code                                                              ; Off      ; Off           ;
; Use configuration device                                                    ; On       ; On            ;
; Configuration device                                                        ; Auto     ; Auto          ;
; Configuration device auto user code                                         ; Off      ; Off           ;
; Generate Tabular Text File (.ttf) For Target Device                         ; Off      ; Off           ;
; Generate Hexadecimal (Intel-Format) Output File (.hexout) for Target Device ; Off      ; Off           ;
; Hexadecimal Output File start address                                       ; 0        ; 0             ;
; Hexadecimal Output File count direction                                     ; Up       ; Up            ;
; Release clears before tri-states                                            ; Off      ; Off           ;
; Maintain Compatibility with All Cyclone II M4K Versions                     ; On       ; On            ;
; Generate Serial Vector Format File (.svf) for Target Device                 ; Off      ; Off           ;
; Generate a JEDEC STAPL Format File (.jam) for Target Device                 ; Off      ; Off           ;
; Generate a compressed Jam STAPL Byte Code 2.0 File (.jbc) for Target Device ; Off      ; Off           ;
; Generate a compressed Jam STAPL Byte Code 2.0 File (.jbc) for Target Device ; On       ; On            ;
+-----------------------------------------------------------------------------+----------+---------------+


+------------------------------------------------------------------------------------------------------------------------------+
; Assembler Generated Files                                                                                                    ;
+------------------------------------------------------------------------------------------------------------------------------+
; File Name                                                                                                                    ;
+------------------------------------------------------------------------------------------------------------------------------+
; C:/Documents and Settings/rchil/Escritorio/Software_desarrollado/CSN_FPGA_placa_detect_pico/QUSBEVB_REVA_EP2C20_Template.sof ;
; C:/Documents and Settings/rchil/Escritorio/Software_desarrollado/CSN_FPGA_placa_detect_pico/QUSBEVB_REVA_EP2C20_Template.pof ;
; C:/Documents and Settings/rchil/Escritorio/Software_desarrollado/CSN_FPGA_placa_detect_pico/QUSBEVB_REVA_EP2C20_Template.rbf ;
+------------------------------------------------------------------------------------------------------------------------------+


+--------------------------------------------------------------------------------------------------------------------------------------------------------+
; Assembler Device Options: C:/Documents and Settings/rchil/Escritorio/Software_desarrollado/CSN_FPGA_placa_detect_pico/QUSBEVB_REVA_EP2C20_Template.sof ;
+----------------+---------------------------------------------------------------------------------------------------------------------------------------+
; Option         ; Setting                                                                                                                               ;
+----------------+---------------------------------------------------------------------------------------------------------------------------------------+
; Device         ; EP2C20F256C7                                                                                                                          ;
; JTAG usercode  ; 0xFFFFFFFF                                                                                                                            ;
; Checksum       ; 0x001AFFAB                                                                                                                            ;
+----------------+---------------------------------------------------------------------------------------------------------------------------------------+


+--------------------------------------------------------------------------------------------------------------------------------------------------------+
; Assembler Device Options: C:/Documents and Settings/rchil/Escritorio/Software_desarrollado/CSN_FPGA_placa_detect_pico/QUSBEVB_REVA_EP2C20_Template.pof ;
+--------------------+-----------------------------------------------------------------------------------------------------------------------------------+
; Option             ; Setting                                                                                                                           ;
+--------------------+-----------------------------------------------------------------------------------------------------------------------------------+
; Device             ; EPC4                                                                                                                              ;
; JTAG usercode      ; 0xFFFFFFFF                                                                                                                        ;
; Checksum           ; 0x072C4AE0                                                                                                                        ;
; Compression Ratio  ; 3                                                                                                                                 ;
+--------------------+-----------------------------------------------------------------------------------------------------------------------------------+


+--------------------------------------------------------------------------------------------------------------------------------------------------------+
; Assembler Device Options: C:/Documents and Settings/rchil/Escritorio/Software_desarrollado/CSN_FPGA_placa_detect_pico/QUSBEVB_REVA_EP2C20_Template.rbf ;
+---------------------+----------------------------------------------------------------------------------------------------------------------------------+
; Option              ; Setting                                                                                                                          ;
+---------------------+----------------------------------------------------------------------------------------------------------------------------------+
; Raw Binary File     ;                                                                                                                                  ;
;  Compression Ratio  ; 3                                                                                                                                ;
+---------------------+----------------------------------------------------------------------------------------------------------------------------------+


+--------------------+
; Assembler Messages ;
+--------------------+
Info: *******************************************************************
Info: Running Quartus II 32-bit Assembler
    Info: Version 11.1 Build 173 11/01/2011 SJ Web Edition
    Info: Processing started: Wed Jun 06 12:02:09 2012
Info: Command: quartus_asm --read_settings_files=off --write_settings_files=off CSN_fpga_detect_pico -c QUSBEVB_REVA_EP2C20_Template
Info (115031): Writing out detailed assembly data for power analysis
Info (115030): Assembler is generating device programming files
Info: Quartus II 32-bit Assembler was successful. 0 errors, 0 warnings
    Info: Peak virtual memory: 260 megabytes
    Info: Processing ended: Wed Jun 06 12:02:13 2012
    Info: Elapsed time: 00:00:04
    Info: Total CPU time (on all processors): 00:00:04


