
*** Running ngdbuild
    with args -intstyle ise -p xc7z020clg484-1 -dd _ngo -uc "module_1_stub.ucf" "module_1_stub.edf"


Command Line: C:\Xilinx\14.5\ISE_DS\ISE\bin\nt64\unwrapped\ngdbuild.exe
-intstyle ise -p xc7z020clg484-1 -dd _ngo -uc module_1_stub.ucf
module_1_stub.edf

Executing edif2ngd -quiet "module_1_stub.edf" "_ngo\module_1_stub.ngo"
Release 14.5 - edif2ngd P.58f (nt64)
Copyright (c) 1995-2012 Xilinx, Inc.  All rights reserved.
Reading NGO file
"C:/Users/rchil/Desktop/Artemis/Software_desarrollado/Zynq/XApp_v2/XApp_v2.runs/
impl_1/_ngo/module_1_stub.ngo" ...
Gathering constraint information from source properties...
Done.

Annotating constraints to design from ucf file "module_1_stub.ucf" ...
Resolving constraint associations...
Checking Constraint Associations...
WARNING:ConstraintSystem:58 - Constraint <TIMEGRP
   axi_interconnect_1_reset_source =   FFS  PADS  CPUS;>
   [module_1_stub.ucf(594)]: CPUS "*" does not match any design objects.

Done...

Checking expanded design ...
WARNING:NgdBuild:440 - FF primitive
   'ADC1/AdcToplevel_I_AdcFrame/AdcFrame_I_GenPulse_1/GenPulse_I_Fdcr_2/Fdcr_I_F
   d' has unconnected output pin

Partition Implementation Status
-------------------------------

  No Partitions were found in this design.

-------------------------------

NGDBUILD Design Results Summary:
  Number of errors:     0
  Number of warnings:   2

Writing NGD file "module_1_stub.ngd" ...
Total REAL time to NGDBUILD completion:  18 sec
Total CPU time to NGDBUILD completion:   11 sec

Writing NGDBUILD log file "module_1_stub.bld"...

NGDBUILD done.

*** Running map
    with args -intstyle pa -w "module_1_stub.ngd"

Using target part "7z020clg484-1".
WARNING:LIT:702 - PAD symbol "processing_system7_0_PS_SRSTB_pin" is not
   constrained (LOC) to a specific location.
Mapping design into LUTs...
Running directed packing...
WARNING:Pack:2912 - The LUT-1 inverter
   "PWM/Mcompar_GND_7_o_count[31]_LessThan_5_o_cy<15>_inv1_INV_0" failed to join
   the "OLOGICE2" comp matched to output buffer "LEDS_2_OBUF".  This may result
   in suboptimal timing.  The LUT-1 inverter
   PWM/Mcompar_GND_7_o_count[31]_LessThan_5_o_cy<15>_inv1_INV_0 drives multiple
   loads.
WARNING:Pack:2912 - The LUT-1 inverter
   "PWM/Mcompar_GND_7_o_count[31]_LessThan_5_o_cy<15>_inv1_INV_0" failed to join
   the "OLOGICE2" comp matched to output buffer "LEDS_1_OBUF".  This may result
   in suboptimal timing.  The LUT-1 inverter
   PWM/Mcompar_GND_7_o_count[31]_LessThan_5_o_cy<15>_inv1_INV_0 drives multiple
   loads.
WARNING:Pack:2912 - The LUT-1 inverter
   "PWM/Mcompar_GND_7_o_count[31]_LessThan_5_o_cy<15>_inv1_INV_0" failed to join
   the "OLOGICE2" comp matched to output buffer "LEDS_7_OBUF".  This may result
   in suboptimal timing.  The LUT-1 inverter
   PWM/Mcompar_GND_7_o_count[31]_LessThan_5_o_cy<15>_inv1_INV_0 drives multiple
   loads.
WARNING:Pack:2912 - The LUT-1 inverter
   "PWM/Mcompar_GND_7_o_count[31]_LessThan_5_o_cy<15>_inv1_INV_0" failed to join
   the "OLOGICE2" comp matched to output buffer "LEDS_4_OBUF".  This may result
   in suboptimal timing.  The LUT-1 inverter
   PWM/Mcompar_GND_7_o_count[31]_LessThan_5_o_cy<15>_inv1_INV_0 drives multiple
   loads.
WARNING:Pack:2912 - The LUT-1 inverter
   "PWM/Mcompar_GND_7_o_count[31]_LessThan_5_o_cy<15>_inv1_INV_0" failed to join
   the "OLOGICE2" comp matched to output buffer "LEDS_3_OBUF".  This may result
   in suboptimal timing.  The LUT-1 inverter
   PWM/Mcompar_GND_7_o_count[31]_LessThan_5_o_cy<15>_inv1_INV_0 drives multiple
   loads.
WARNING:Pack:2912 - The LUT-1 inverter
   "PWM/Mcompar_GND_7_o_count[31]_LessThan_5_o_cy<15>_inv1_INV_0" failed to join
   the "OLOGICE2" comp matched to output buffer "LEDS_6_OBUF".  This may result
   in suboptimal timing.  The LUT-1 inverter
   PWM/Mcompar_GND_7_o_count[31]_LessThan_5_o_cy<15>_inv1_INV_0 drives multiple
   loads.
WARNING:Pack:2912 - The LUT-1 inverter
   "PWM/Mcompar_GND_7_o_count[31]_LessThan_5_o_cy<15>_inv1_INV_0" failed to join
   the "OLOGICE2" comp matched to output buffer "LEDS_5_OBUF".  This may result
   in suboptimal timing.  The LUT-1 inverter
   PWM/Mcompar_GND_7_o_count[31]_LessThan_5_o_cy<15>_inv1_INV_0 drives multiple
   loads.
WARNING:Pack:2949 - The I/O component DCLK[0] uses an DQS_BIAS attribute with
   I/O standard LVDS_25. The DQS_BIAS attribute will be ignored since the
   selected I/O standard does not support DQS_BIAS usage.
WARNING:Pack:2949 - The I/O component DCLK[1] uses an DQS_BIAS attribute with
   I/O standard LVDS_25. The DQS_BIAS attribute will be ignored since the
   selected I/O standard does not support DQS_BIAS usage.
Running delay-based LUT packing...
Updating timing models...
WARNING:Pack:2768 - At least one timing constraint is impossible to meet because component switching limit violations have been detected for
   a constrained component. A timing constraint summary below shows the failing constraints (preceded with an Asterisk (*)). Please use the
   Timing Analyzer (GUI) or TRCE (command line) with the Mapped NCD and PCF files to evaluate the component switching limit violations in
   more detail. Evaluate the datasheet for alternative configurations for the component that could allow the frequencies requested in the
   constraint. Otherwise, the timing constraint covering this component might need to be modified to satisfy the component switching limits
   specified in the datasheet.
INFO:Timing:3386 - Intersecting Constraints found and resolved.  For more 
   information, see the TSI report.  Please consult the Xilinx Command Line 
   Tools User Guide for information on generating a TSI report.
INFO:Timing:3284 - This timing report was generated using estimated delay 
   information.  For accurate numbers, please refer to the post Place and Route 
   timing report.
Number of Timing Constraints that were not applied: 1

Asterisk (*) preceding a constraint indicates it was not met.
   This may be due to a setup or hold violation.

----------------------------------------------------------------------------------------------------------
  Constraint                                |    Check    | Worst Case |  Best Case | Timing |   Timing   
                                            |             |    Slack   | Achievable | Errors |    Score   
----------------------------------------------------------------------------------------------------------
* TS_clk_fpga_0 = PERIOD TIMEGRP "clk_fpga_ | SETUP       |    17.553ns|     2.447ns|       0|           0
  0" 50 MHz HIGH 50%                        | HOLD        |     0.069ns|            |       0|           0
                                            | MINPERIOD   |    15.239ns|     4.761ns|       0|           0
                                            | MAXPERIOD   |   -14.736ns|            |       4|       58944
----------------------------------------------------------------------------------------------------------
  TS_clk_fpga_1 = PERIOD TIMEGRP "clk_fpga_ | N/A         |         N/A|         N/A|     N/A|         N/A
  1" 5 MHz HIGH 50%                         |             |            |            |        |            
----------------------------------------------------------------------------------------------------------
  PATH "TS_axi_interconnect_1_reset_resync_ | SETUP       |         N/A|     0.549ns|     N/A|           0
  path" TIG                                 |             |            |            |        |            
----------------------------------------------------------------------------------------------------------


1 constraint not met.
INFO:Timing:2761 - N/A entries in the Constraints List may indicate that the 
   constraint is not analyzed due to the following: No paths covered by this 
   constraint; Other constraints intersect with this constraint; or This 
   constraint was disabled by a Path Tracing Control. Please run the Timespec 
   Interaction Report (TSI) via command line (trce tsi) or Timing Analyzer GUI.


INFO:Map:215 - The Interim Design Summary has been generated in the MAP Report
   (.mrp).
Running timing-driven placement...
Total REAL time at the beginning of Placer: 18 secs 
Total CPU  time at the beginning of Placer: 18 secs 

Phase 1.1  Initial Placement Analysis
Phase 1.1  Initial Placement Analysis (Checksum:741efcd8) REAL time: 20 secs 

Phase 2.7  Design Feasibility Check
Phase 2.7  Design Feasibility Check (Checksum:741efcd8) REAL time: 20 secs 

Phase 3.31  Local Placement Optimization
Phase 3.31  Local Placement Optimization (Checksum:d5b978f6) REAL time: 20 secs 

Phase 4.2  Initial Placement for Architecture Specific Features

......


There are 6 clock regions on the target FPGA device:
|------------------------------------------|------------------------------------------|
| CLOCKREGION_X0Y2:                        | CLOCKREGION_X1Y2:                        |
|   0 BUFRs available, 0 in use            |   0 BUFRs available, 0 in use            |
|   4 Regional Clock Spines, 0 in use      |   4 Regional Clock Spines, 0 in use      |
|   0 edge BUFIOs available, 0 in use      |   4 edge BUFIOs available, 0 in use      |
|   0 center BUFIOs available, 0 in use    |   0 center BUFIOs available, 0 in use    |
|                                          |                                          |
|------------------------------------------|------------------------------------------|
| CLOCKREGION_X0Y1:                        | CLOCKREGION_X1Y1:                        |
|   0 BUFRs available, 0 in use            |   0 BUFRs available, 0 in use            |
|   4 Regional Clock Spines, 0 in use      |   4 Regional Clock Spines, 0 in use      |
|   0 edge BUFIOs available, 0 in use      |   4 edge BUFIOs available, 0 in use      |
|   0 center BUFIOs available, 0 in use    |   0 center BUFIOs available, 0 in use    |
|                                          |                                          |
|------------------------------------------|------------------------------------------|
| CLOCKREGION_X0Y0:                        | CLOCKREGION_X1Y0:                        |
|   0 BUFRs available, 0 in use            |   0 BUFRs available, 0 in use            |
|   4 Regional Clock Spines, 0 in use      |   4 Regional Clock Spines, 0 in use      |
|   4 edge BUFIOs available, 0 in use      |   4 edge BUFIOs available, 0 in use      |
|   0 center BUFIOs available, 0 in use    |   0 center BUFIOs available, 0 in use    |
|                                          |                                          |
|------------------------------------------|------------------------------------------|


Clock-Region: <CLOCKREGION_X1Y1>
  key resource utilizations (used/available): edge-bufios - 1/4; bufrs - 0/0; regional-clock-spines - 0/4
|-----------------------------------------------------------------------------------------------------------------------------------------------------------
|       |    clock    | BRAM |     |    |        |        |       |       |       |      |      |     |      |
|       |    region   | FIFO | DCM | GT | ILOGIC | OLOGIC |   FF  |  LUTM |  LUTL | MULT | EMAC | PPC | PCIe | <- (Types of Resources in Clock Region)
|-------|-------------|------|-----|----|--------|--------|-------|-------|-------|------|------|-----|------|----------------------------------------------
|       | Upper Region|  90  |  0  |  0 |   50   |   50   | 20800 |  6800 | 14000 |  40  |   0  |  0  |   0  | <- Available resources in the upper region
|-------|-------------|------|-----|----|--------|--------|-------|-------|-------|------|------|-----|------|----------------------------------------------
|       |CurrentRegion|  90  |  0  |  0 |   50   |   50   | 20800 |  6800 | 14000 |  40  |   0  |  0  |   0  | <- Available resources in the current region
|-------|-------------|------|-----|----|--------|--------|-------|-------|-------|------|------|-----|------|----------------------------------------------
|       | Lower Region|  90  |  0  |  0 |   50   |   50   | 25600 |  6800 | 18800 |  40  |   0  |  0  |   0  | <- Available resources in the lower region
|-------|-------------|------|-----|----|--------|--------|-------|-------|-------|------|------|-----|------|----------------------------------------------
| clock |    region   |                                                                                      -----------------------------------------------
|  type |  expansion  |                                                                                      | <IO/Regional clock Net Name>
|-------|-------------|------|-----|----|--------|--------|-------|-------|-------|------|------|-----|------|----------------------------------------------


Clock-Region: <CLOCKREGION_X1Y2>
  key resource utilizations (used/available): edge-bufios - 1/4; bufrs - 0/0; regional-clock-spines - 0/4
|-----------------------------------------------------------------------------------------------------------------------------------------------------------
|       |    clock    | BRAM |     |    |        |        |       |       |       |      |      |     |      |
|       |    region   | FIFO | DCM | GT | ILOGIC | OLOGIC |   FF  |  LUTM |  LUTL | MULT | EMAC | PPC | PCIe | <- (Types of Resources in Clock Region)
|-------|-------------|------|-----|----|--------|--------|-------|-------|-------|------|------|-----|------|----------------------------------------------
|       |CurrentRegion|  90  |  0  |  0 |   50   |   50   | 20800 |  6800 | 14000 |  40  |   0  |  0  |   0  | <- Available resources in the current region
|-------|-------------|------|-----|----|--------|--------|-------|-------|-------|------|------|-----|------|----------------------------------------------
|       | Lower Region|  90  |  0  |  0 |   50   |   50   | 20800 |  6800 | 14000 |  40  |   0  |  0  |   0  | <- Available resources in the lower region
|-------|-------------|------|-----|----|--------|--------|-------|-------|-------|------|------|-----|------|----------------------------------------------
| clock |    region   |                                                                                      -----------------------------------------------
|  type |  expansion  |                                                                                      | <IO/Regional clock Net Name>
|-------|-------------|------|-----|----|--------|--------|-------|-------|-------|------|------|-----|------|----------------------------------------------




######################################################################################
# REGIONAL CLOCKING RESOURCE DISTRIBUTION UCF REPORT:
#
# Number of Regional Clocking Regions in the device: 6  (4 clock spines in each)
# Number of Regional Clock Networks used in this design: 5 (each network can be
# composed of up to 3 clock spines and cover up to 3 regional clock regions)
# 
######################################################################################

# Regional-Clock "ADC1/IntClkDiv" driven by "BUFR_X1Y8"
INST "ADC1/AdcToplevel_I_AdcClock/Gen_Bufr_Div_3.AdcClock_I_Bufr" LOC = "BUFR_X1Y8" ;
NET "ADC1/IntClkDiv" TNM_NET = "TN_ADC1/IntClkDiv" ;
TIMEGRP "TN_ADC1/IntClkDiv" AREA_GROUP = "CLKAG_ADC1/IntClkDiv" ;
AREA_GROUP "CLKAG_ADC1/IntClkDiv" RANGE = CLOCKREGION_X1Y2;


# IO-Clock "ADC1/IntClk" driven by "BUFIO_X1Y8"
INST "ADC1/AdcToplevel_I_AdcClock/AdcClock_I_Bufio" LOC = "BUFIO_X1Y8" ;
NET "ADC1/IntClk" TNM_NET = "TN_ADC1/IntClk" ;
TIMEGRP "TN_ADC1/IntClk" AREA_GROUP = "CLKAG_ADC1/IntClk" ;
AREA_GROUP "CLKAG_ADC1/IntClk" RANGE = CLOCKREGION_X1Y2;


# Regional-Clock "ADC1/IntClkDiv_34" driven by "BUFR_X1Y7"
INST "ADC1/Gen_Bufr_Div_3.AdcFrm_I_Bufr" LOC = "BUFR_X1Y7" ;
NET "ADC1/IntClkDiv_34" TNM_NET = "TN_ADC1/IntClkDiv_34" ;
TIMEGRP "TN_ADC1/IntClkDiv_34" AREA_GROUP = "CLKAG_ADC1/IntClkDiv_34" ;
AREA_GROUP "CLKAG_ADC1/IntClkDiv_34" RANGE = CLOCKREGION_X1Y1;


# IO-Clock "ADC1/IntClk_34" driven by "BUFIO_X1Y7"
INST "ADC1/AdcFrm_I_Bufio" LOC = "BUFIO_X1Y7" ;
NET "ADC1/IntClk_34" TNM_NET = "TN_ADC1/IntClk_34" ;
TIMEGRP "TN_ADC1/IntClk_34" AREA_GROUP = "CLKAG_ADC1/IntClk_34" ;
AREA_GROUP "CLKAG_ADC1/IntClk_34" RANGE = CLOCKREGION_X1Y1;


Phase 4.2  Initial Placement for Architecture Specific Features (Checksum:34cd4fd6) REAL time: 23 secs 

Phase 5.30  Global Clock Region Assignment
Phase 5.30  Global Clock Region Assignment (Checksum:34cd4fd6) REAL time: 23 secs 

Phase 6.3  Local Placement Optimization
Phase 6.3  Local Placement Optimization (Checksum:34cd4fd6) REAL time: 23 secs 

Phase 7.5  Local Placement Optimization
Phase 7.5  Local Placement Optimization (Checksum:34cd4fd6) REAL time: 23 secs 

Phase 8.8  Global Placement
..............
.......................................................................................................
..................................................................................................................................................................................................
Phase 8.8  Global Placement (Checksum:52b9fd3f) REAL time: 26 secs 

Phase 9.5  Local Placement Optimization
Phase 9.5  Local Placement Optimization (Checksum:52b9fd3f) REAL time: 26 secs 

Phase 10.18  Placement Optimization
Phase 10.18  Placement Optimization (Checksum:196e834f) REAL time: 28 secs 

Phase 11.5  Local Placement Optimization
Phase 11.5  Local Placement Optimization (Checksum:196e834f) REAL time: 28 secs 

Phase 12.34  Placement Validation
Phase 12.34  Placement Validation (Checksum:196e834f) REAL time: 28 secs 

Total REAL time to Placer completion: 28 secs 
Total CPU  time to Placer completion: 28 secs 
Running post-placement packing...
Writing output files...

Design Summary:
Number of errors:      0
Number of warnings:   24
Slice Logic Utilization:
  Number of Slice Registers:                   739 out of 106,400    1%
    Number used as Flip Flops:                 739
    Number used as Latches:                      0
    Number used as Latch-thrus:                  0
    Number used as AND/OR logics:                0
  Number of Slice LUTs:                        723 out of  53,200    1%
    Number used as logic:                      651 out of  53,200    1%
      Number using O6 output only:             505
      Number using O5 output only:              37
      Number using O5 and O6:                  109
      Number used as ROM:                        0
    Number used as Memory:                      64 out of  17,400    1%
      Number used as Dual Port RAM:              0
      Number used as Single Port RAM:            0
      Number used as Shift Register:            64
        Number using O6 output only:            64
        Number using O5 output only:             0
        Number using O5 and O6:                  0
    Number used exclusively as route-thrus:      8
      Number with same-slice register load:      7
      Number with same-slice carry load:         1
      Number with other load:                    0

Slice Logic Distribution:
  Number of occupied Slices:                   255 out of  13,300    1%
  Number of LUT Flip Flop pairs used:          845
    Number with an unused Flip Flop:           153 out of     845   18%
    Number with an unused LUT:                 122 out of     845   14%
    Number of fully used LUT-FF pairs:         570 out of     845   67%
    Number of unique control sets:              45
    Number of slice register sites lost
      to control set restrictions:             189 out of 106,400    1%

  A LUT Flip Flop pair for this architecture represents one LUT paired with
  one Flip Flop within a slice.  A control set is a unique combination of
  clock, reset, set, and enable signals for a registered element.
  The Slice Logic Distribution report is not meaningful if the design is
  over-mapped for a non-slice resource or if Placement fails.
  OVERMAPPING of BRAM resources should be ignored if the design is
  over-mapped for a non-BRAM resource or if placement fails.

IO Utilization:
  Number of bonded IOBs:                        22 out of     200   11%
    Number of LOCed IOBs:                       22 out of      22  100%
  Number of bonded IOPAD:                      130 out of     130  100%

Specific Feature Utilization:
  Number of RAMB36E1/FIFO36E1s:                  0 out of     140    0%
  Number of RAMB18E1/FIFO18E1s:                  0 out of     280    0%
  Number of BUFG/BUFGCTRLs:                      2 out of      32    6%
    Number used as BUFGs:                        2
    Number used as BUFGCTRLs:                    0
  Number of IDELAYE2/IDELAYE2_FINEDELAYs:        1 out of     200    1%
    Number used as IDELAYE2s:                    1
    Number used as IDELAYE2_FINEDELAYs:          0
  Number of ILOGICE2/ILOGICE3/ISERDESE2s:       11 out of     200    5%
    Number used as ILOGICE2s:                    0
  Number used as  ILOGICE3s:                     0
    Number used as ISERDESE2s:                  11
  Number of ODELAYE2/ODELAYE2_FINEDELAYs:        0
  Number of OLOGICE2/OLOGICE3/OSERDESE2s:        0 out of     200    0%
  Number of PHASER_IN/PHASER_IN_PHYs:            0 out of      16    0%
  Number of PHASER_OUT/PHASER_OUT_PHYs:          0 out of      16    0%
  Number of BSCANs:                              0 out of       4    0%
  Number of BUFHCEs:                             0 out of      72    0%
  Number of BUFRs:                               2 out of      16   12%
  Number of CAPTUREs:                            0 out of       1    0%
  Number of DNA_PORTs:                           0 out of       1    0%
  Number of DSP48E1s:                            0 out of     220    0%
  Number of EFUSE_USRs:                          0 out of       1    0%
  Number of FRAME_ECCs:                          0 out of       1    0%
  Number of ICAPs:                               0 out of       2    0%
  Number of IDELAYCTRLs:                         1 out of       4   25%
  Number of IN_FIFOs:                            0 out of      16    0%
  Number of MMCME2_ADVs:                         0 out of       4    0%
  Number of OUT_FIFOs:                           0 out of      16    0%
  Number of PHASER_REFs:                         0 out of       4    0%
  Number of PHY_CONTROLs:                        0 out of       4    0%
  Number of PLLE2_ADVs:                          0 out of       4    0%
  Number of PS7s:                                1 out of       1  100%
  Number of STARTUPs:                            0 out of       1    0%
  Number of XADCs:                               0 out of       1    0%

Average Fanout of Non-Clock Nets:                3.01

Peak Memory Usage:  807 MB
Total REAL time to MAP completion:  30 secs 
Total CPU time to MAP completion:   30 secs 

Mapping completed.
See MAP report file "module_1_stub.mrp" for details.

*** Running par
    with args -intstyle pa "module_1_stub.ncd" -w "module_1_stub_routed.ncd"




Constraints file: module_1_stub.pcf.
Loading device for application Rf_Device from file '7z020.nph' in environment C:\Xilinx\14.5\ISE_DS\ISE\.
   "module_1_stub" is an NCD, version 3.2, device xc7z020, package clg484, speed -1

Initializing temperature to 85.000 Celsius. (default - Range: 0.000 to 85.000 Celsius)
Initializing voltage to 0.950 Volts. (default - Range: 0.950 to 1.050 Volts)


Device speed data version:  "PRODUCTION 1.06 2013-03-26".



Device Utilization Summary:

   Number of BUFGs                           2 out of 32      6%
   Number of BUFIOs                          2 out of 16     12%
   Number of BUFMRCEs                        1 out of 8      12%
   Number of BUFRs                           2 out of 16     12%
   Number of IDELAYCTRLs                     1 out of 4      25%
   Number of IDELAYE2s                       1 out of 200     1%
   Number of External IOBs                   1 out of 200     1%
      Number of LOCed IOBs                   1 out of 1     100%

   Number of External IOB33s                21 out of 200    10%
      Number of LOCed IOB33s                21 out of 21    100%

   Number of External IOPADs               130 out of 130   100%
      Number of LOCed IOPADs               127 out of 130    97%

   Number of ISERDESE2s                     11 out of 200     5%
   Number of PS7s                            1 out of 1     100%
   Number of Slices                        255 out of 13300   1%
   Number of Slice Registers               739 out of 106400  1%
      Number used as Flip Flops            739
      Number used as Latches                 0
      Number used as LatchThrus              0

   Number of Slice LUTS                    723 out of 53200   1%
   Number of Slice LUT-Flip Flop pairs     844 out of 53200   1%


Overall effort level (-ol):   Standard 
Router effort level (-rl):    High 

INFO:Timing:3386 - Intersecting Constraints found and resolved.  For more information, see the TSI report.  Please consult the Xilinx
   Command Line Tools User Guide for information on generating a TSI report.
Starting initial Timing Analysis.  REAL time: 11 secs 
WARNING:Par:450 - At least one timing constraint is impossible to meet because component switching limit violations have been detected for a
   constrained component. A timing constraint summary below shows the failing constraints (preceded with an Asterisk (*)). Please use the
   Timing Analyzer (GUI) or TRCE (command line) with the Mapped NCD and PCF files to evaluate the component switching limit violations in
   more detail. Evaluate the datasheet for alternative configurations for the component that could allow the frequencies requested in the
   constraint. Otherwise, the timing constraint covering this component might need to be modified to satisfy the component switching limits
   specified in the datasheet.

INFO:Timing:3386 - Intersecting Constraints found and resolved.  For more 
   information, see the TSI report.  Please consult the Xilinx Command Line 
   Tools User Guide for information on generating a TSI report.
INFO:Timing:3284 - This timing report was generated using estimated delay 
   information.  For accurate numbers, please refer to the post Place and Route 
   timing report.
Number of Timing Constraints that were not applied: 1

Asterisk (*) preceding a constraint indicates it was not met.
   This may be due to a setup or hold violation.

----------------------------------------------------------------------------------------------------------
  Constraint                                |    Check    | Worst Case |  Best Case | Timing |   Timing   
                                            |             |    Slack   | Achievable | Errors |    Score   
----------------------------------------------------------------------------------------------------------
* TS_clk_fpga_0 = PERIOD TIMEGRP "clk_fpga_ | SETUP       |    14.828ns|     5.172ns|       0|           0
  0" 50 MHz HIGH 50%                        | HOLD        |     0.228ns|            |       0|           0
                                            | MAXPERIOD   |   -14.736ns|            |       1|       14736
----------------------------------------------------------------------------------------------------------
  TS_clk_fpga_1 = PERIOD TIMEGRP "clk_fpga_ | N/A         |         N/A|         N/A|     N/A|         N/A
  1" 5 MHz HIGH 50%                         |             |            |            |        |            
----------------------------------------------------------------------------------------------------------
  PATH "TS_axi_interconnect_1_reset_resync_ | SETUP       |         N/A|     0.933ns|     N/A|           0
  path" TIG                                 |             |            |            |        |            
----------------------------------------------------------------------------------------------------------


1 constraint not met.
INFO:Timing:2761 - N/A entries in the Constraints List may indicate that the 
   constraint is not analyzed due to the following: No paths covered by this 
   constraint; Other constraints intersect with this constraint; or This 
   constraint was disabled by a Path Tracing Control. Please run the Timespec 
   Interaction Report (TSI) via command line (trce tsi) or Timing Analyzer GUI.


Finished initial Timing Analysis.  REAL time: 11 secs 

WARNING:Par:288 - The signal ADC1/n0010[27] has no load.  PAR will not attempt to route this signal.
WARNING:Par:288 - The signal ADC1/n0010[26] has no load.  PAR will not attempt to route this signal.
WARNING:Par:288 - The signal ADC1/n0010[25] has no load.  PAR will not attempt to route this signal.
WARNING:Par:288 - The signal ADC1/n0010[24] has no load.  PAR will not attempt to route this signal.
WARNING:Par:288 - The signal ADC1/n0010[23] has no load.  PAR will not attempt to route this signal.
WARNING:Par:288 - The signal ADC1/n0010[22] has no load.  PAR will not attempt to route this signal.
WARNING:Par:288 - The signal ADC1/n0010[21] has no load.  PAR will not attempt to route this signal.
WARNING:Par:288 - The signal ADC1/n0010[20] has no load.  PAR will not attempt to route this signal.
WARNING:Par:288 - The signal ADC1/n0010[19] has no load.  PAR will not attempt to route this signal.
WARNING:Par:288 - The signal ADC1/n0010[18] has no load.  PAR will not attempt to route this signal.
WARNING:Par:288 - The signal ADC1/n0010[17] has no load.  PAR will not attempt to route this signal.
WARNING:Par:288 - The signal ADC1/n0010[16] has no load.  PAR will not attempt to route this signal.
Starting Router


Phase  1  : 5805 unrouted;      REAL time: 12 secs 

Phase  2  : 3213 unrouted;      REAL time: 12 secs 

Phase  3  : 1035 unrouted;      REAL time: 13 secs 

Phase  4  : 1035 unrouted; (Setup:0, Hold:8005, Component Switching Limit:14736)     REAL time: 16 secs 

Updating file: module_1_stub_routed.ncd with current fully routed design.

Phase  5  : 0 unrouted; (Setup:0, Hold:6482, Component Switching Limit:14736)     REAL time: 17 secs 

Phase  6  : 0 unrouted; (Setup:0, Hold:6482, Component Switching Limit:14736)     REAL time: 17 secs 

Phase  7  : 0 unrouted; (Setup:0, Hold:6482, Component Switching Limit:14736)     REAL time: 17 secs 

Phase  8  : 0 unrouted; (Setup:0, Hold:6482, Component Switching Limit:14736)     REAL time: 17 secs 

Phase  9  : 0 unrouted; (Setup:0, Hold:0, Component Switching Limit:14736)     REAL time: 17 secs 
Total REAL time to Router completion: 17 secs 
Total CPU time to Router completion: 17 secs 

Partition Implementation Status
-------------------------------

  No Partitions were found in this design.

-------------------------------

Generating "PAR" statistics.

**************************
Generating Clock Report
**************************

+---------------------+--------------+------+------+------------+-------------+
|        Clock Net    |   Resource   |Locked|Fanout|Net Skew(ns)|Max Delay(ns)|
+---------------------+--------------+------+------+------------+-------------+
|sprocessing_system7_ |              |      |      |            |             |
|     0_FCLK_CLK0_pin |BUFGCTRL_X0Y31| No   |  170 |  0.268     |  1.908      |
+---------------------+--------------+------+------+------------+-------------+
|      ADC1/IntClkDiv |  Regional Clk| No   |   57 |  0.177     |  0.972      |
+---------------------+--------------+------+------+------------+-------------+
|         ADC1/IntClk |        IO Clk| No   |    9 |  0.021     |  0.341      |
+---------------------+--------------+------+------+------------+-------------+
|   ADC1/IntClkDiv_34 |  Regional Clk| No   |   17 |  0.093     |  0.888      |
+---------------------+--------------+------+------+------------+-------------+
|      ADC1/IntClk_34 |        IO Clk| No   |    2 |  0.000     |  0.320      |
+---------------------+--------------+------+------+------------+-------------+
|  ADC1/IntClkBufMRIn |         Local|      |    1 |  0.000     |  0.656      |
+---------------------+--------------+------+------+------------+-------------+

* Net Skew is the difference between the minimum and maximum routing
only delays for the net. Note this is different from Clock Skew which
is reported in TRCE timing report. Clock Skew is the difference between
the minimum and maximum path delays which includes logic delays.

* The fanout is the number of component pins not the individual BEL loads,
for example SLICE loads not FF loads.

Timing Score: 14736 (Setup: 0, Hold: 0, Component Switching Limit: 14736)

WARNING:Par:468 - Your design did not meet timing.  The following are some suggestions to assist you to meet timing in
   your design.

   Review the timing report using Timing Analyzer (In ISE select "Post-Place &
   Route Static Timing Report"). Go to the failing constraint(s) and evaluate the failing paths for each constraint.

   Try the Design Goal and Strategies for Timing Performance(In ISE select Project -> Design Goals & Strategies) to
   ensure the best options are set in the tools for timing closure.

   Increase the PAR Effort Level setting to "high"

   Use the Xilinx "SmartXplorer" script to try special combinations of
   options known to produce very good results.

   Visit the Xilinx technical support web at http://support.xilinx.com and go to
   either "Troubleshoot->Tech Tips->Timing & Constraints" or "
   TechXclusives->Timing Closure" for tips and suggestions for meeting timing
   in your design.

Number of Timing Constraints that were not applied: 1

Asterisk (*) preceding a constraint indicates it was not met.
   This may be due to a setup or hold violation.

----------------------------------------------------------------------------------------------------------
  Constraint                                |    Check    | Worst Case |  Best Case | Timing |   Timing   
                                            |             |    Slack   | Achievable | Errors |    Score   
----------------------------------------------------------------------------------------------------------
* TS_clk_fpga_0 = PERIOD TIMEGRP "clk_fpga_ | SETUP       |    13.481ns|     6.519ns|       0|           0
  0" 50 MHz HIGH 50%                        | HOLD        |     0.007ns|            |       0|           0
                                            | MAXPERIOD   |   -14.736ns|            |       1|       14736
----------------------------------------------------------------------------------------------------------
  TS_clk_fpga_1 = PERIOD TIMEGRP "clk_fpga_ | N/A         |         N/A|         N/A|     N/A|         N/A
  1" 5 MHz HIGH 50%                         |             |            |            |        |            
----------------------------------------------------------------------------------------------------------
  PATH "TS_axi_interconnect_1_reset_resync_ | SETUP       |         N/A|     1.081ns|     N/A|           0
  path" TIG                                 |             |            |            |        |            
----------------------------------------------------------------------------------------------------------


1 constraint not met.
INFO:Timing:2761 - N/A entries in the Constraints List may indicate that the 
   constraint is not analyzed due to the following: No paths covered by this 
   constraint; Other constraints intersect with this constraint; or This 
   constraint was disabled by a Path Tracing Control. Please run the Timespec 
   Interaction Report (TSI) via command line (trce tsi) or Timing Analyzer GUI.


Generating Pad Report.

All signals are completely routed.

WARNING:Par:283 - There are 12 loadless signals in this design. This design will cause Bitgen to issue DRC warnings.

Total REAL time to PAR completion: 18 secs 
Total CPU time to PAR completion: 18 secs 

Peak Memory Usage:  669 MB

Placer: Placement generated during map.
Routing: Completed - No errors found.
Timing: Completed - 2 errors found.

Number of error messages: 0
Number of warning messages: 16
Number of info messages: 1

Writing design to file module_1_stub_routed.ncd



PAR done!

*** Running trce
    with args -intstyle ise -o "module_1_stub.twr" -v 30 -l 30 "module_1_stub_routed.ncd" "module_1_stub.pcf"

Loading device for application Rf_Device from file '7z020.nph' in environment
C:\Xilinx\14.5\ISE_DS\ISE\.
   "module_1_stub" is an NCD, version 3.2, device xc7z020, package clg484, speed
-1

Analysis completed Fri Aug 30 15:48:02 2013
--------------------------------------------------------------------------------

Generating Report ...

Number of warnings: 0
Total time: 11 secs 

*** Running xdl
    with args -secure -ncd2xdl -nopips "module_1_stub_routed.ncd" "module_1_stub_routed.xdl"

Release 14.5 - xdl P.58f (nt64)
Copyright (c) 1995-2012 Xilinx, Inc.  All rights reserved.

WARNING:XDL:213 - The resulting xdl output will not have LUT equation strings or RAM INIT strings.
Loading device for application Rf_Device from file '7z020.nph' in environment C:\Xilinx\14.5\ISE_DS\ISE\.
   "module_1_stub" is an NCD, version 3.2, device xc7z020, package clg484, speed -1
Successfully converted design 'module_1_stub_routed.ncd' to 'module_1_stub_routed.xdl'.

*** Running bitgen
    with args "module_1_stub_routed.ncd" "module_1_stub.bit" "module_1_stub.pcf" -w -intstyle pa

WARNING:PhysDesignRules:2165 - Issue with pin connections and/or configuration
   on
   block:<ADC1/AdcToplevel_I_AdcClock/AdcClock_I_Isrds_Master>:<ISERDESE2_ISERDE
   SE2>.  Useless CE2 input pin. With NUM_CE set 1, the CE2 input pin is being
   ignored.
WARNING:PhysDesignRules:2165 - Issue with pin connections and/or configuration
   on
   block:<ADC1/AdcToplevel_I_AdcFrame/AdcFrame_I_Isrds_n>:<ISERDESE2_ISERDESE2>.
    Useless CE2 input pin. With NUM_CE set 1, the CE2 input pin is being
   ignored.
WARNING:PhysDesignRules:2165 - Issue with pin connections and/or configuration
   on
   block:<ADC1/AdcToplevel_I_AdcFrame/AdcFrame_I_Isrds_p>:<ISERDESE2_ISERDESE2>.
    Useless CE2 input pin. With NUM_CE set 1, the CE2 input pin is being
   ignored.
WARNING:PhysDesignRules:367 - The signal
   <ADC1/Gen_2[0].AdcToplevel_I_AdcMem/GLOBAL_LOGIC0> is incomplete. The signal
   does not drive any load pins in the design.
WARNING:PhysDesignRules:367 - The signal
   <ADC1/Gen_2[1].AdcToplevel_I_AdcMem/GLOBAL_LOGIC0> is incomplete. The signal
   does not drive any load pins in the design.
WARNING:PhysDesignRules:2165 - Issue with pin connections and/or configuration
   on
   block:<ADC1/Gen_2[0].AdcToplevel_I_AdcData/AdcData_I_Isrds_D0_p>:<ISERDESE2_I
   SERDESE2>.  Useless CE2 input pin. With NUM_CE set 1, the CE2 input pin is
   being ignored.
WARNING:PhysDesignRules:2165 - Issue with pin connections and/or configuration
   on
   block:<ADC1/Gen_2[0].AdcToplevel_I_AdcData/AdcData_I_Isrds_D0_n>:<ISERDESE2_I
   SERDESE2>.  Useless CE2 input pin. With NUM_CE set 1, the CE2 input pin is
   being ignored.
WARNING:PhysDesignRules:2165 - Issue with pin connections and/or configuration
   on
   block:<ADC1/Gen_2[0].AdcToplevel_I_AdcData/AdcData_I_Isrds_D1_p>:<ISERDESE2_I
   SERDESE2>.  Useless CE2 input pin. With NUM_CE set 1, the CE2 input pin is
   being ignored.
WARNING:PhysDesignRules:2165 - Issue with pin connections and/or configuration
   on
   block:<ADC1/Gen_2[0].AdcToplevel_I_AdcData/AdcData_I_Isrds_D1_n>:<ISERDESE2_I
   SERDESE2>.  Useless CE2 input pin. With NUM_CE set 1, the CE2 input pin is
   being ignored.
WARNING:PhysDesignRules:2165 - Issue with pin connections and/or configuration
   on
   block:<ADC1/Gen_2[1].AdcToplevel_I_AdcData/AdcData_I_Isrds_D1_p>:<ISERDESE2_I
   SERDESE2>.  Useless CE2 input pin. With NUM_CE set 1, the CE2 input pin is
   being ignored.
WARNING:PhysDesignRules:2165 - Issue with pin connections and/or configuration
   on
   block:<ADC1/Gen_2[1].AdcToplevel_I_AdcData/AdcData_I_Isrds_D1_n>:<ISERDESE2_I
   SERDESE2>.  Useless CE2 input pin. With NUM_CE set 1, the CE2 input pin is
   being ignored.
WARNING:PhysDesignRules:2165 - Issue with pin connections and/or configuration
   on
   block:<ADC1/Gen_2[1].AdcToplevel_I_AdcData/AdcData_I_Isrds_D0_p>:<ISERDESE2_I
   SERDESE2>.  Useless CE2 input pin. With NUM_CE set 1, the CE2 input pin is
   being ignored.
WARNING:PhysDesignRules:2165 - Issue with pin connections and/or configuration
   on
   block:<ADC1/Gen_2[1].AdcToplevel_I_AdcData/AdcData_I_Isrds_D0_n>:<ISERDESE2_I
   SERDESE2>.  Useless CE2 input pin. With NUM_CE set 1, the CE2 input pin is
   being ignored.
