Build started 09/03/2016 1:02:46 PM.
     1>Project "C:\Nutaq\ADP6\ADP_MicroTCA\examples_perseus6010\perseus6010_mi125_record_playback\host\prj_win_rigo\Perseus6010_mi125_record_playback.vcxproj" on node 2 (build target(s)).
     1>InitializeBuildStatus:
         Creating "x64\Debug\perseus6010_mi125_record.unsuccessfulbuild" because "AlwaysCreate" was specified.
       ClCompile:
         c:\Program Files (x86)\Microsoft Visual Studio 10.0\VC\bin\x86_amd64\CL.exe /c /IC:\Nutaq\ADP6\ADP_MicroTCA\sdk\types_headers\inc /IC:\Nutaq\ADP6\ADP_MicroTCA\sdk\bus_access_lib\inc /IC:\Nutaq\ADP6\ADP_MicroTCA\sdk\rtdex_lib\inc /IC:\Nutaq\ADP6\ADP_MicroTCA\sdk\record_playback_lib\inc /IC:\Nutaq\ADP6\ADP_MicroTCA\sdk\eapi\inc /IC:\Nutaq\ADP6\ADP_MicroTCA\sdk\lyt_std_lib\inc /I..\inc /IC:\Nutaq\ADP6\ADP_MicroTCA\sdk\mi125_lib\inc /IC:\Nutaq\ADP6\ADP_MicroTCA\sdk\perseus601x_lib\inc /IC:\Nutaq\ADP6\ADP_MicroTCA\sdk\map_headers\inc /IC:\Nutaq\ADP6\ADP_MicroTCA\sdk\media_headers\inc /IC:\Nutaq\ADP6\ADP_MicroTCA\sdk\utils\inc /IC:\Nutaq\ADP6\ADP_MicroTCA\sdk\ppssync_lib\inc /Z7 /nologo /W3 /WX- /Od /D _CRT_SECURE_NO_DEPRECATE /Gm- /EHsc /RTC1 /MTd /GS /fp:precise /Zc:wchar_t /Zc:forScope /Fo"x64\Debug\\" /Fd"x64\Debug\vc100.pdb" /Gd /TC /errorReport:prompt src\adp_mi125_record_test.c
         adp_mi125_record_test.c
     1>src\adp_mi125_record_test.c(206): warning C4267: '=' : conversion from 'size_t' to 'int', possible loss of data
     1>src\adp_mi125_record_test.c(491): warning C4018: '<' : signed/unsigned mismatch
       Link:
         c:\Program Files (x86)\Microsoft Visual Studio 10.0\VC\bin\x86_amd64\link.exe /ERRORREPORT:PROMPT /OUT:"C:\Nutaq\ADP6\ADP_MicroTCA\examples_perseus6010\perseus6010_mi125_record_playback\host\prj_win_rigo\x64\Debug\perseus6010_mi125_record.exe" /INCREMENTAL:NO /NOLOGO /LIBPATH:C:\Nutaq\ADP6\ADP_MicroTCA\sdk\winpcap_lib\lib\win64 /LIBPATH:C:\Nutaq\ADP6\ADP_MicroTCA\sdk\lib_win64 eapi_mi125_win64.lib adp_bus_access_win64.lib adp_rtdex_win64.lib lyr_std_lib_win64.lib adp_recplay_win64.lib eapi_win64.lib Iphlpapi.lib wpcap.lib wsock32.lib Ws2_32.lib kernel32.lib user32.lib gdi32.lib winspool.lib comdlg32.lib advapi32.lib shell32.lib ole32.lib oleaut32.lib uuid.lib odbc32.lib odbccp32.lib /NODEFAULTLIB:msvcrt /NODEFAULTLIB:libcmt /MANIFEST /ManifestFile:"x64\Debug\perseus6010_mi125_record.exe.intermediate.manifest" /MANIFESTUAC:"level='asInvoker' uiAccess='false'" /DEBUG /PDB:"C:\Nutaq\ADP6\ADP_MicroTCA\examples_perseus6010\perseus6010_mi125_record_playback\host\prj_win_rigo\x64\Debug\perseus6010_mi125_record.pdb" /SUBSYSTEM:CONSOLE /LTCG /TLBID:1 /DYNAMICBASE:NO /IMPLIB:"C:\Nutaq\ADP6\ADP_MicroTCA\examples_perseus6010\perseus6010_mi125_record_playback\host\prj_win_rigo\x64\Debug\perseus6010_mi125_record.lib" /MACHINE:X64 x64\Debug\adp_buff_fct.obj
         x64\Debug\adp_record_playback.obj
         x64\Debug\mac_utils.obj
         x64\Debug\media_utils.obj
         x64\Debug\mi125_settings.obj
         x64\Debug\adp_mi125_record_test.obj
         Generating code
         Finished generating code
         Perseus6010_mi125_record_playback.vcxproj -> C:\Nutaq\ADP6\ADP_MicroTCA\examples_perseus6010\perseus6010_mi125_record_playback\host\prj_win_rigo\x64\Debug\perseus6010_mi125_record.exe
       Manifest:
         c:\Program Files (x86)\Microsoft SDKs\Windows\v7.0A\bin\mt.exe /nologo /verbose /outputresource:"C:\Nutaq\ADP6\ADP_MicroTCA\examples_perseus6010\perseus6010_mi125_record_playback\host\prj_win_rigo\x64\Debug\perseus6010_mi125_record.exe;#1" /manifest x64\Debug\perseus6010_mi125_record.exe.intermediate.manifest
       FinalizeBuildStatus:
         Deleting file "x64\Debug\perseus6010_mi125_record.unsuccessfulbuild".
         Touching "x64\Debug\perseus6010_mi125_record.lastbuildstate".
     1>Done Building Project "C:\Nutaq\ADP6\ADP_MicroTCA\examples_perseus6010\perseus6010_mi125_record_playback\host\prj_win_rigo\Perseus6010_mi125_record_playback.vcxproj" (build target(s)).

Build succeeded.

Time Elapsed 00:00:02.73
