C:\NUTAQ\ADP6\ADP_MICROTCA\EXAMPLES_PERSEUS6010\PERSEUS6010_MI125_RECORD_PLAYBACK\HOST\PRJ_WIN_RIGO\X64\DEBUG\ADP_BUFF_FCT.OBJ
C:\NUTAQ\ADP6\ADP_MICROTCA\EXAMPLES_PERSEUS6010\PERSEUS6010_MI125_RECORD_PLAYBACK\HOST\PRJ_WIN_RIGO\X64\DEBUG\ADP_MI125_RECORD_TEST.OBJ
C:\NUTAQ\ADP6\ADP_MICROTCA\EXAMPLES_PERSEUS6010\PERSEUS6010_MI125_RECORD_PLAYBACK\HOST\PRJ_WIN_RIGO\X64\DEBUG\ADP_RECORD_PLAYBACK.OBJ
C:\Nutaq\ADP6\ADP_MicroTCA\examples_perseus6010\perseus6010_mi125_record_playback\host\prj_win_rigo\x64\Debug\cl.command.1.tlog
C:\Nutaq\ADP6\ADP_MicroTCA\examples_perseus6010\perseus6010_mi125_record_playback\host\prj_win_rigo\x64\Debug\CL.read.1.tlog
C:\Nutaq\ADP6\ADP_MicroTCA\examples_perseus6010\perseus6010_mi125_record_playback\host\prj_win_rigo\x64\Debug\CL.write.1.tlog
C:\Nutaq\ADP6\ADP_MicroTCA\examples_perseus6010\perseus6010_mi125_record_playback\host\prj_win_rigo\x64\Debug\link.command.1.tlog
C:\Nutaq\ADP6\ADP_MicroTCA\examples_perseus6010\perseus6010_mi125_record_playback\host\prj_win_rigo\x64\Debug\link.read.1.tlog
C:\Nutaq\ADP6\ADP_MicroTCA\examples_perseus6010\perseus6010_mi125_record_playback\host\prj_win_rigo\x64\Debug\link.write.1.tlog
C:\NUTAQ\ADP6\ADP_MICROTCA\EXAMPLES_PERSEUS6010\PERSEUS6010_MI125_RECORD_PLAYBACK\HOST\PRJ_WIN_RIGO\X64\DEBUG\MAC_UTILS.OBJ
C:\NUTAQ\ADP6\ADP_MICROTCA\EXAMPLES_PERSEUS6010\PERSEUS6010_MI125_RECORD_PLAYBACK\HOST\PRJ_WIN_RIGO\X64\DEBUG\MEDIA_UTILS.OBJ
C:\NUTAQ\ADP6\ADP_MICROTCA\EXAMPLES_PERSEUS6010\PERSEUS6010_MI125_RECORD_PLAYBACK\HOST\PRJ_WIN_RIGO\X64\DEBUG\MI125_SETTINGS.OBJ
C:\Nutaq\ADP6\ADP_MicroTCA\examples_perseus6010\perseus6010_mi125_record_playback\host\prj_win_rigo\x64\Debug\mt.command.1.tlog
C:\Nutaq\ADP6\ADP_MicroTCA\examples_perseus6010\perseus6010_mi125_record_playback\host\prj_win_rigo\x64\Debug\mt.read.1.tlog
C:\Nutaq\ADP6\ADP_MicroTCA\examples_perseus6010\perseus6010_mi125_record_playback\host\prj_win_rigo\x64\Debug\mt.write.1.tlog
C:\NUTAQ\ADP6\ADP_MICROTCA\EXAMPLES_PERSEUS6010\PERSEUS6010_MI125_RECORD_PLAYBACK\HOST\PRJ_WIN_RIGO\X64\DEBUG\PERSEUS6010_MI125_RECORD.EXE
C:\NUTAQ\ADP6\ADP_MICROTCA\EXAMPLES_PERSEUS6010\PERSEUS6010_MI125_RECORD_PLAYBACK\HOST\PRJ_WIN_RIGO\X64\DEBUG\PERSEUS6010_MI125_RECORD.EXE.INTERMEDIATE.MANIFEST
C:\NUTAQ\ADP6\ADP_MICROTCA\EXAMPLES_PERSEUS6010\PERSEUS6010_MI125_RECORD_PLAYBACK\HOST\PRJ_WIN_RIGO\X64\DEBUG\PERSEUS6010_MI125_RECORD.PDB
C:\Nutaq\ADP6\ADP_MicroTCA\examples_perseus6010\perseus6010_mi125_record_playback\host\prj_win_rigo\x64\Debug\perseus6010_mi125_record.write.1.tlog
C:\Nutaq\ADP6\ADP_MicroTCA\examples_perseus6010\perseus6010_mi125_record_playback\host\prj_win_rigo\x64\Debug\Perseus6010_mi125_record_playback.vcxprojResolveAssemblyReference.cache
C:\NUTAQ\ADP6\ADP_MICROTCA\EXAMPLES_PERSEUS6010\PERSEUS6010_MI125_RECORD_PLAYBACK\HOST\PRJ_WIN_RIGO\X64\DEBUG\PERSEUS6010_MI125_RECORDD.EXE
