#-----------------------------------------------------------
# PlanAhead v14.5 (64-bit)
# Build 247527 by xbuild on Mon Mar 25 17:13:07 MDT 2013
# Start of session at: Thu Nov 14 16:17:37 2013
# Process ID: 4496
# Log file: C:/Users/rchil/Desktop/Artemis/Software_desarrollado/Zynq/ADC_Read4/planAhead.log
# Journal file: C:/Users/rchil/Desktop/Artemis/Software_desarrollado/Zynq/ADC_Read4\planAhead.jou
#-----------------------------------------------------------
INFO: [Common 17-78] Attempting to get a license: PlanAhead
INFO: [Common 17-290] Got license for PlanAhead
INFO: [Device 21-36] Loading parts and site information from C:/Xilinx/14.5/ISE_DS/PlanAhead/data/parts/arch.xml
Parsing RTL primitives file [C:/Xilinx/14.5/ISE_DS/PlanAhead/data/parts/xilinx/rtl/prims/rtl_prims.xml]
Finished parsing RTL primitives file [C:/Xilinx/14.5/ISE_DS/PlanAhead/data/parts/xilinx/rtl/prims/rtl_prims.xml]
start_gui
open_project {C:\Users\rchil\Desktop\Artemis\Software_desarrollado\Zynq\ADC_Read4\ADC_Read4.ppr}
Scanning sources...
Finished scanning sources
INFO: [IP_Flow 19-234] Refreshing IP repositories
INFO: [IP_Flow 19-1704] No user repositories specified
INFO: [IP_Flow 19-816] Loaded Xilinx IP repository 'C:/Xilinx/14.5/ISE_DS/ISE/'
update_compile_order -fileset sources_1
exit
INFO: [Common 17-206] Exiting PlanAhead at Thu Nov 14 16:19:59 2013...
INFO: [Common 17-83] Releasing license: PlanAhead
