Release 14.5 - ngc2edif P.58f (nt64)
Copyright (c) 1995-2012 Xilinx, Inc.  All rights reserved.
Reading design module_1_stub.ngc ...
WARNING:NetListWriters:298 - No output is written to module_1_stub.xncf,
   ignored.
Processing design ...
   Preping design's networks ...
   Preping design's macros ...
  finished :Prep
Writing EDIF netlist file module_1_stub.edif ...
ngc2edif: Total memory usage is 79208 kilobytes

Release 14.5 - ngc2edif P.58f (nt64)
Copyright (c) 1995-2012 Xilinx, Inc.  All rights reserved.
Reading design module_1_stub.ngc ...
WARNING:NetListWriters:298 - No output is written to module_1_stub.xncf,
   ignored.
Processing design ...
   Preping design's networks ...
   Preping design's macros ...
  finished :Prep
Writing EDIF netlist file module_1_stub.edif ...
ngc2edif: Total memory usage is 79464 kilobytes

